#
# There is insufficient memory for the Java Runtime Environment to continue.
# Native memory allocation (malloc) failed to allocate 1458576 bytes for Chunk::new
# Possible reasons:
#   The system is out of physical RAM or swap space
#   The process is running with CompressedOops enabled, and the Java Heap may be blocking the growth of the native heap
# Possible solutions:
#   Reduce memory load on the system
#   Increase physical memory or swap space
#   Check if swap backing store is full
#   Decrease Java heap size (-Xmx/-Xms)
#   Decrease number of Java threads
#   Decrease Java thread stack sizes (-Xss)
#   Set larger code cache with -XX:ReservedCodeCacheSize=
#   JVM is running with Unscaled Compressed Oops mode in which the Java heap is
#     placed in the first 4GB address space. The Java Heap base address is the
#     maximum limit for the native heap growth. Please use -XX:HeapBaseMinAddress
#     to set the Java Heap base and to place the Java Heap above 4GB virtual address.
# This output file may be truncated or incomplete.
#
#  Out of Memory Error (./src/hotspot/share/memory/arena.cpp:197), pid=15040, tid=1976
#
# JRE version: OpenJDK Runtime Environment (11.0.13) (build 11.0.13+0-b1751.21-8125866)
# Java VM: OpenJDK 64-Bit Server VM (11.0.13+0-b1751.21-8125866, mixed mode, tiered, compressed oops, g1 gc, windows-amd64)
# No core dump will be written. Minidumps are not enabled by default on client versions of Windows
#

---------------  S U M M A R Y ------------

Command Line: --add-opens=java.base/java.util=ALL-UNNAMED --add-opens=java.base/java.lang=ALL-UNNAMED --add-opens=java.base/java.lang.invoke=ALL-UNNAMED --add-opens=java.base/java.util=ALL-UNNAMED --add-opens=java.prefs/java.util.prefs=ALL-UNNAMED --add-opens=java.prefs/java.util.prefs=ALL-UNNAMED --add-opens=java.base/java.nio.charset=ALL-UNNAMED --add-opens=java.base/java.net=ALL-UNNAMED --add-opens=java.base/java.util.concurrent.atomic=ALL-UNNAMED -Xmx2048m -Dfile.encoding=UTF-8 -Duser.country=US -Duser.language=en -Duser.variant org.gradle.launcher.daemon.bootstrap.GradleDaemon 7.4

Host: Intel(R) Core(TM) i7-7700HQ CPU @ 2.80GHz, 8 cores, 15G,  Windows 10 , 64 bit Build 19041 (10.0.19041.1889)
Time: Sat Oct  1 08:07:47 2022 Egypt Standard Time elapsed time: 11.616409 seconds (0d 0h 0m 11s)

---------------  T H R E A D  ---------------

Current thread (0x00000142fab0e000):  JavaThread "C2 CompilerThread0" daemon [_thread_in_native, id=1976, stack(0x000000055db00000,0x000000055dc00000)]


Current CompileTask:
C2:  11616 5991   !   4       jdk.internal.loader.Resource::getBytes (242 bytes)

Stack: [0x000000055db00000,0x000000055dc00000]
Native frames: (J=compiled Java code, j=interpreted, Vv=VM code, C=native code)
V  [jvm.dll+0x6100fa]
V  [jvm.dll+0x747090]
V  [jvm.dll+0x7486ad]
V  [jvm.dll+0x748d83]
V  [jvm.dll+0x24ab48]
V  [jvm.dll+0xc04dc]
V  [jvm.dll+0xc0a0c]
V  [jvm.dll+0x35eb9d]
V  [jvm.dll+0x32b833]
V  [jvm.dll+0x32ad2a]
V  [jvm.dll+0x2032b2]
V  [jvm.dll+0x202437]
V  [jvm.dll+0x188e01]
V  [jvm.dll+0x21106b]
V  [jvm.dll+0x20f8c1]
V  [jvm.dll+0x70de0f]
V  [jvm.dll+0x706a75]
V  [jvm.dll+0x60ed66]
C  [ucrtbase.dll+0x21bb2]
C  [KERNEL32.DLL+0x17034]
C  [ntdll.dll+0x52651]


---------------  P R O C E S S  ---------------

Threads class SMR info:
_java_thread_list=0x00000142fd6f9c20, length=124, elements={
0x00000142dfd8d000, 0x00000142faaa4000, 0x00000142faaa5800, 0x00000142fa26c800,
0x00000142fab09800, 0x00000142fab0a800, 0x00000142fab0e000, 0x00000142fab13000,
0x00000142fab1c800, 0x00000142fac77800, 0x00000142fd26c800, 0x00000142fb1ba800,
0x00000142fcb4c000, 0x00000142fcc8b000, 0x00000142fd0b7800, 0x00000142fcdbd800,
0x00000142fc25c800, 0x00000142fcaf0800, 0x00000142fc5d9800, 0x00000142fca4b800,
0x00000142fcb07800, 0x00000142fcb01800, 0x00000142fcb05000, 0x00000142fcb08000,
0x00000142fcb04000, 0x00000142fcb06000, 0x00000142fcb02800, 0x00000142fcb06800,
0x00000142fcb03800, 0x00000142fd8b4800, 0x00000142fd8b3000, 0x00000142fd8b6000,
0x00000142fd8b7000, 0x00000142fd8b3800, 0x00000142fd8b9800, 0x00000142fd8b7800,
0x00000142fd8b8800, 0x00000142fd8ba000, 0x00000142fd8bb000, 0x00000142fd8b5000,
0x00000142fd8bf000, 0x00000142fd8bb800, 0x00000142fd8bc800, 0x00000142fd8be000,
0x00000142fd8bd800, 0x00000142fd8c0000, 0x00000142fd8c0800, 0x00000142fe16a800,
0x00000142fe169000, 0x00000142fe169800, 0x00000142fe16b800, 0x00000142fe16c000,
0x00000142fe16d000, 0x00000142fe16e000, 0x00000142fe168000, 0x00000142fe172000,
0x00000142fe16e800, 0x00000142fe173800, 0x00000142fe16f800, 0x00000142fe176000,
0x00000142fe175000, 0x00000142fe171000, 0x00000142fe172800, 0x00000142fe174800,
0x00000142fe170000, 0x00000142fe177000, 0x000001428026a000, 0x0000014280269000,
0x0000014280270800, 0x000001428026e000, 0x000001428026a800, 0x000001428026b800,
0x000001428026c800, 0x0000014280271000, 0x0000014280273000, 0x000001428026e800,
0x000001428026f800, 0x0000014280272000, 0x000001428026d000, 0x0000014280274800,
0x0000014280273800, 0x0000014280275000, 0x0000014280276000, 0x0000014280277000,
0x0000014280277800, 0x0000014281f6c000, 0x0000014281f66000, 0x0000014281f67800,
0x0000014281f67000, 0x0000014281f69800, 0x0000014281f68800, 0x0000014281f6d800,
0x0000014281f6b000, 0x0000014281f6e000, 0x0000014281f6a000, 0x0000014281f70800,
0x0000014281f6f000, 0x0000014281f71800, 0x0000014281f72800, 0x0000014281f70000,
0x0000014281f6c800, 0x0000014281f74000, 0x0000014281f73000, 0x0000014281f74800,
0x0000014280d53000, 0x0000014280d54000, 0x0000014280d52800, 0x0000014280d50800,
0x0000014280d51800, 0x0000014280d4e800, 0x0000014280d4f000, 0x0000014280d55000,
0x0000014280d55800, 0x0000014280d50000, 0x0000014280d5b800, 0x0000014280d5c000,
0x0000014280d56800, 0x0000014280d5d000, 0x0000014280d57800, 0x0000014280d59000,
0x0000014280d58000, 0x00000142831e9000, 0x0000014280d59800, 0x00000142807b9800
}

Java Threads: ( => current thread )
  0x00000142dfd8d000 JavaThread "main" [_thread_blocked, id=7680, stack(0x000000055ce00000,0x000000055cf00000)]
  0x00000142faaa4000 JavaThread "Reference Handler" daemon [_thread_blocked, id=8440, stack(0x000000055d600000,0x000000055d700000)]
  0x00000142faaa5800 JavaThread "Finalizer" daemon [_thread_blocked, id=11488, stack(0x000000055d700000,0x000000055d800000)]
  0x00000142fa26c800 JavaThread "Signal Dispatcher" daemon [_thread_blocked, id=5960, stack(0x000000055d800000,0x000000055d900000)]
  0x00000142fab09800 JavaThread "Attach Listener" daemon [_thread_blocked, id=2780, stack(0x000000055d900000,0x000000055da00000)]
  0x00000142fab0a800 JavaThread "Service Thread" daemon [_thread_blocked, id=9684, stack(0x000000055da00000,0x000000055db00000)]
=>0x00000142fab0e000 JavaThread "C2 CompilerThread0" daemon [_thread_in_native, id=1976, stack(0x000000055db00000,0x000000055dc00000)]
  0x00000142fab13000 JavaThread "C1 CompilerThread0" daemon [_thread_in_vm, id=14644, stack(0x000000055dc00000,0x000000055dd00000)]
  0x00000142fab1c800 JavaThread "Sweeper thread" daemon [_thread_blocked, id=2520, stack(0x000000055dd00000,0x000000055de00000)]
  0x00000142fac77800 JavaThread "Common-Cleaner" daemon [_thread_blocked, id=12124, stack(0x000000055de00000,0x000000055df00000)]
  0x00000142fd26c800 JavaThread "Daemon health stats" [_thread_blocked, id=15132, stack(0x000000055e700000,0x000000055e800000)]
  0x00000142fb1ba800 JavaThread "Incoming local TCP Connector on port 60490" [_thread_in_native, id=4756, stack(0x000000055e000000,0x000000055e100000)]
  0x00000142fcb4c000 JavaThread "Daemon periodic checks" [_thread_blocked, id=14980, stack(0x000000055e100000,0x000000055e200000)]
  0x00000142fcc8b000 JavaThread "Daemon" [_thread_blocked, id=9512, stack(0x000000055e800000,0x000000055e900000)]
  0x00000142fd0b7800 JavaThread "Handler for socket connection from /127.0.0.1:60490 to /127.0.0.1:60491" [_thread_in_native, id=15308, stack(0x000000055e900000,0x000000055ea00000)]
  0x00000142fcdbd800 JavaThread "Cancel handler" [_thread_blocked, id=14492, stack(0x000000055ea00000,0x000000055eb00000)]
  0x00000142fc25c800 JavaThread "Daemon worker" [_thread_in_Java, id=8636, stack(0x000000055eb00000,0x000000055ec00000)]
  0x00000142fcaf0800 JavaThread "Asynchronous log dispatcher for DefaultDaemonConnection: socket connection from /127.0.0.1:60490 to /127.0.0.1:60491" [_thread_blocked, id=10064, stack(0x000000055ec00000,0x000000055ed00000)]
  0x00000142fc5d9800 JavaThread "Stdin handler" [_thread_blocked, id=14792, stack(0x000000055ed00000,0x000000055ee00000)]
  0x00000142fca4b800 JavaThread "Daemon client event forwarder" [_thread_blocked, id=2700, stack(0x000000055ee00000,0x000000055ef00000)]
  0x00000142fcb07800 JavaThread "Cache worker for journal cache (C:\Users\Kareem\.gradle\caches\journal-1)" [_thread_blocked, id=9928, stack(0x000000055ef00000,0x000000055f000000)]
  0x00000142fcb01800 JavaThread "File lock request listener" [_thread_in_native, id=14656, stack(0x000000055f000000,0x000000055f100000)]
  0x00000142fcb05000 JavaThread "Cache worker for file hash cache (C:\Users\Kareem\.gradle\caches\7.4\fileHashes)" [_thread_blocked, id=11408, stack(0x000000055f100000,0x000000055f200000)]
  0x00000142fcb08000 JavaThread "File watcher server" daemon [_thread_in_native, id=13272, stack(0x000000055f700000,0x000000055f800000)]
  0x00000142fcb04000 JavaThread "File watcher consumer" daemon [_thread_blocked, id=14292, stack(0x000000055f800000,0x000000055f900000)]
  0x00000142fcb06000 JavaThread "Cache worker for checksums cache (C:\Users\Kareem\AndroidStudioProjects\MartZilla\.gradle\7.4\checksums)" [_thread_blocked, id=12956, stack(0x000000055f900000,0x000000055fa00000)]
  0x00000142fcb02800 JavaThread "Cache worker for cache directory md-rule (C:\Users\Kareem\.gradle\caches\7.4\md-rule)" [_thread_blocked, id=11568, stack(0x000000055fa00000,0x000000055fb00000)]
  0x00000142fcb06800 JavaThread "Cache worker for file hash cache (C:\Users\Kareem\AndroidStudioProjects\MartZilla\.gradle\7.4\fileHashes)" [_thread_blocked, id=9416, stack(0x000000055fb00000,0x000000055fc00000)]
  0x00000142fcb03800 JavaThread "Cache worker for cache directory md-supplier (C:\Users\Kareem\.gradle\caches\7.4\md-supplier)" [_thread_blocked, id=14836, stack(0x000000055fc00000,0x000000055fd00000)]
  0x00000142fd8b4800 JavaThread "Cache worker for execution history cache (C:\Users\Kareem\.gradle\caches\7.4\executionHistory)" [_thread_blocked, id=5924, stack(0x000000055fd00000,0x000000055fe00000)]
  0x00000142fd8b3000 JavaThread "jar transforms" [_thread_blocked, id=15196, stack(0x000000055fe00000,0x000000055ff00000)]
  0x00000142fd8b6000 JavaThread "Cache worker for file content cache (C:\Users\Kareem\.gradle\caches\7.4\fileContent)" [_thread_blocked, id=1560, stack(0x000000055ff00000,0x0000000560000000)]
  0x00000142fd8b7000 JavaThread "jar transforms Thread 2" [_thread_blocked, id=2504, stack(0x0000000560000000,0x0000000560100000)]
  0x00000142fd8b3800 JavaThread "Cache worker for dependencies-accessors (C:\Users\Kareem\AndroidStudioProjects\MartZilla\.gradle\7.4\dependencies-accessors)" [_thread_blocked, id=3684, stack(0x0000000560100000,0x0000000560200000)]
  0x00000142fd8b9800 JavaThread "jar transforms Thread 3" [_thread_blocked, id=11172, stack(0x0000000560200000,0x0000000560300000)]
  0x00000142fd8b7800 JavaThread "Cache worker for Build Output Cleanup Cache (C:\Users\Kareem\AndroidStudioProjects\MartZilla\.gradle\buildOutputCleanup)" [_thread_blocked, id=13020, stack(0x0000000560300000,0x0000000560400000)]
  0x00000142fd8b8800 JavaThread "Unconstrained build operations" [_thread_blocked, id=8656, stack(0x0000000560400000,0x0000000560500000)]
  0x00000142fd8ba000 JavaThread "Unconstrained build operations Thread 2" [_thread_blocked, id=13196, stack(0x0000000560500000,0x0000000560600000)]
  0x00000142fd8bb000 JavaThread "Unconstrained build operations Thread 3" [_thread_blocked, id=8168, stack(0x0000000560600000,0x0000000560700000)]
  0x00000142fd8b5000 JavaThread "Unconstrained build operations Thread 4" [_thread_blocked, id=6784, stack(0x0000000560700000,0x0000000560800000)]
  0x00000142fd8bf000 JavaThread "Unconstrained build operations Thread 5" [_thread_blocked, id=9056, stack(0x0000000560800000,0x0000000560900000)]
  0x00000142fd8bb800 JavaThread "Unconstrained build operations Thread 6" [_thread_blocked, id=12708, stack(0x0000000560900000,0x0000000560a00000)]
  0x00000142fd8bc800 JavaThread "Unconstrained build operations Thread 7" [_thread_blocked, id=3192, stack(0x0000000560a00000,0x0000000560b00000)]
  0x00000142fd8be000 JavaThread "Unconstrained build operations Thread 8" [_thread_blocked, id=1584, stack(0x0000000560b00000,0x0000000560c00000)]
  0x00000142fd8bd800 JavaThread "Unconstrained build operations Thread 9" [_thread_blocked, id=7052, stack(0x0000000560c00000,0x0000000560d00000)]
  0x00000142fd8c0000 JavaThread "Unconstrained build operations Thread 10" [_thread_blocked, id=9612, stack(0x0000000560d00000,0x0000000560e00000)]
  0x00000142fd8c0800 JavaThread "Unconstrained build operations Thread 11" [_thread_blocked, id=13116, stack(0x0000000560e00000,0x0000000560f00000)]
  0x00000142fe16a800 JavaThread "Unconstrained build operations Thread 12" [_thread_blocked, id=11604, stack(0x0000000560f00000,0x0000000561000000)]
  0x00000142fe169000 JavaThread "Unconstrained build operations Thread 13" [_thread_blocked, id=15320, stack(0x0000000561000000,0x0000000561100000)]
  0x00000142fe169800 JavaThread "Unconstrained build operations Thread 14" [_thread_blocked, id=1224, stack(0x0000000561100000,0x0000000561200000)]
  0x00000142fe16b800 JavaThread "Unconstrained build operations Thread 15" [_thread_blocked, id=13252, stack(0x0000000561200000,0x0000000561300000)]
  0x00000142fe16c000 JavaThread "Unconstrained build operations Thread 16" [_thread_blocked, id=6724, stack(0x0000000561300000,0x0000000561400000)]
  0x00000142fe16d000 JavaThread "Unconstrained build operations Thread 17" [_thread_blocked, id=10192, stack(0x0000000561400000,0x0000000561500000)]
  0x00000142fe16e000 JavaThread "Unconstrained build operations Thread 18" [_thread_blocked, id=3356, stack(0x0000000561500000,0x0000000561600000)]
  0x00000142fe168000 JavaThread "Unconstrained build operations Thread 19" [_thread_blocked, id=2624, stack(0x0000000561600000,0x0000000561700000)]
  0x00000142fe172000 JavaThread "Unconstrained build operations Thread 20" [_thread_blocked, id=2664, stack(0x0000000561700000,0x0000000561800000)]
  0x00000142fe16e800 JavaThread "Unconstrained build operations Thread 21" [_thread_blocked, id=8228, stack(0x0000000561800000,0x0000000561900000)]
  0x00000142fe173800 JavaThread "Unconstrained build operations Thread 22" [_thread_blocked, id=8652, stack(0x0000000561900000,0x0000000561a00000)]
  0x00000142fe16f800 JavaThread "Unconstrained build operations Thread 23" [_thread_blocked, id=14612, stack(0x0000000561a00000,0x0000000561b00000)]
  0x00000142fe176000 JavaThread "Unconstrained build operations Thread 24" [_thread_blocked, id=872, stack(0x0000000561b00000,0x0000000561c00000)]
  0x00000142fe175000 JavaThread "Unconstrained build operations Thread 25" [_thread_blocked, id=14880, stack(0x0000000561c00000,0x0000000561d00000)]
  0x00000142fe171000 JavaThread "Unconstrained build operations Thread 26" [_thread_blocked, id=2744, stack(0x0000000561d00000,0x0000000561e00000)]
  0x00000142fe172800 JavaThread "Unconstrained build operations Thread 27" [_thread_blocked, id=4656, stack(0x0000000561e00000,0x0000000561f00000)]
  0x00000142fe174800 JavaThread "Unconstrained build operations Thread 28" [_thread_blocked, id=3120, stack(0x0000000561f00000,0x0000000562000000)]
  0x00000142fe170000 JavaThread "Unconstrained build operations Thread 29" [_thread_blocked, id=12332, stack(0x0000000562000000,0x0000000562100000)]
  0x00000142fe177000 JavaThread "Unconstrained build operations Thread 30" [_thread_blocked, id=4576, stack(0x0000000562100000,0x0000000562200000)]
  0x000001428026a000 JavaThread "Unconstrained build operations Thread 31" [_thread_blocked, id=15216, stack(0x0000000562200000,0x0000000562300000)]
  0x0000014280269000 JavaThread "Unconstrained build operations Thread 32" [_thread_blocked, id=2628, stack(0x0000000562300000,0x0000000562400000)]
  0x0000014280270800 JavaThread "Unconstrained build operations Thread 33" [_thread_blocked, id=1340, stack(0x0000000562400000,0x0000000562500000)]
  0x000001428026e000 JavaThread "Unconstrained build operations Thread 34" [_thread_blocked, id=2908, stack(0x0000000562500000,0x0000000562600000)]
  0x000001428026a800 JavaThread "Unconstrained build operations Thread 35" [_thread_blocked, id=2948, stack(0x0000000562600000,0x0000000562700000)]
  0x000001428026b800 JavaThread "Unconstrained build operations Thread 36" [_thread_blocked, id=2156, stack(0x0000000562700000,0x0000000562800000)]
  0x000001428026c800 JavaThread "Unconstrained build operations Thread 37" [_thread_blocked, id=1192, stack(0x0000000562800000,0x0000000562900000)]
  0x0000014280271000 JavaThread "Unconstrained build operations Thread 38" [_thread_blocked, id=1948, stack(0x0000000562900000,0x0000000562a00000)]
  0x0000014280273000 JavaThread "Unconstrained build operations Thread 39" [_thread_blocked, id=2748, stack(0x0000000562a00000,0x0000000562b00000)]
  0x000001428026e800 JavaThread "Unconstrained build operations Thread 40" [_thread_blocked, id=2360, stack(0x0000000562b00000,0x0000000562c00000)]
  0x000001428026f800 JavaThread "Unconstrained build operations Thread 41" [_thread_blocked, id=7496, stack(0x0000000562c00000,0x0000000562d00000)]
  0x0000014280272000 JavaThread "Unconstrained build operations Thread 42" [_thread_blocked, id=2716, stack(0x0000000562d00000,0x0000000562e00000)]
  0x000001428026d000 JavaThread "Unconstrained build operations Thread 43" [_thread_blocked, id=15136, stack(0x0000000562e00000,0x0000000562f00000)]
  0x0000014280274800 JavaThread "Unconstrained build operations Thread 44" [_thread_blocked, id=8236, stack(0x0000000562f00000,0x0000000563000000)]
  0x0000014280273800 JavaThread "Unconstrained build operations Thread 45" [_thread_blocked, id=15108, stack(0x0000000563000000,0x0000000563100000)]
  0x0000014280275000 JavaThread "Unconstrained build operations Thread 46" [_thread_blocked, id=15156, stack(0x0000000563100000,0x0000000563200000)]
  0x0000014280276000 JavaThread "Unconstrained build operations Thread 47" [_thread_blocked, id=4348, stack(0x0000000563200000,0x0000000563300000)]
  0x0000014280277000 JavaThread "Unconstrained build operations Thread 48" [_thread_blocked, id=4468, stack(0x0000000563300000,0x0000000563400000)]
  0x0000014280277800 JavaThread "Unconstrained build operations Thread 49" [_thread_blocked, id=4476, stack(0x0000000563400000,0x0000000563500000)]
  0x0000014281f6c000 JavaThread "Unconstrained build operations Thread 50" [_thread_blocked, id=4580, stack(0x0000000563500000,0x0000000563600000)]
  0x0000014281f66000 JavaThread "Unconstrained build operations Thread 51" [_thread_blocked, id=4660, stack(0x0000000563600000,0x0000000563700000)]
  0x0000014281f67800 JavaThread "Unconstrained build operations Thread 52" [_thread_blocked, id=2332, stack(0x0000000563700000,0x0000000563800000)]
  0x0000014281f67000 JavaThread "Unconstrained build operations Thread 53" [_thread_blocked, id=2924, stack(0x0000000563800000,0x0000000563900000)]
  0x0000014281f69800 JavaThread "Unconstrained build operations Thread 54" [_thread_blocked, id=4472, stack(0x0000000563900000,0x0000000563a00000)]
  0x0000014281f68800 JavaThread "Unconstrained build operations Thread 55" [_thread_blocked, id=15152, stack(0x0000000563a00000,0x0000000563b00000)]
  0x0000014281f6d800 JavaThread "Unconstrained build operations Thread 56" [_thread_blocked, id=10964, stack(0x0000000563b00000,0x0000000563c00000)]
  0x0000014281f6b000 JavaThread "Unconstrained build operations Thread 57" [_thread_blocked, id=864, stack(0x0000000563c00000,0x0000000563d00000)]
  0x0000014281f6e000 JavaThread "Unconstrained build operations Thread 58" [_thread_blocked, id=3188, stack(0x0000000563d00000,0x0000000563e00000)]
  0x0000014281f6a000 JavaThread "Unconstrained build operations Thread 59" [_thread_blocked, id=14436, stack(0x0000000563e00000,0x0000000563f00000)]
  0x0000014281f70800 JavaThread "Unconstrained build operations Thread 60" [_thread_blocked, id=9468, stack(0x0000000563f00000,0x0000000564000000)]
  0x0000014281f6f000 JavaThread "Unconstrained build operations Thread 61" [_thread_blocked, id=15348, stack(0x0000000564000000,0x0000000564100000)]
  0x0000014281f71800 JavaThread "Unconstrained build operations Thread 62" [_thread_blocked, id=5908, stack(0x0000000564100000,0x0000000564200000)]
  0x0000014281f72800 JavaThread "Unconstrained build operations Thread 63" [_thread_blocked, id=11676, stack(0x0000000564200000,0x0000000564300000)]
  0x0000014281f70000 JavaThread "Unconstrained build operations Thread 64" [_thread_blocked, id=11396, stack(0x0000000564300000,0x0000000564400000)]
  0x0000014281f6c800 JavaThread "Unconstrained build operations Thread 65" [_thread_blocked, id=2128, stack(0x0000000564400000,0x0000000564500000)]
  0x0000014281f74000 JavaThread "Unconstrained build operations Thread 66" [_thread_blocked, id=3024, stack(0x0000000564500000,0x0000000564600000)]
  0x0000014281f73000 JavaThread "Unconstrained build operations Thread 67" [_thread_blocked, id=3272, stack(0x0000000564600000,0x0000000564700000)]
  0x0000014281f74800 JavaThread "Unconstrained build operations Thread 68" [_thread_blocked, id=6764, stack(0x0000000564700000,0x0000000564800000)]
  0x0000014280d53000 JavaThread "Unconstrained build operations Thread 69" [_thread_blocked, id=6964, stack(0x0000000564800000,0x0000000564900000)]
  0x0000014280d54000 JavaThread "Unconstrained build operations Thread 70" [_thread_blocked, id=9164, stack(0x0000000564900000,0x0000000564a00000)]
  0x0000014280d52800 JavaThread "Unconstrained build operations Thread 71" [_thread_blocked, id=8188, stack(0x0000000564a00000,0x0000000564b00000)]
  0x0000014280d50800 JavaThread "Unconstrained build operations Thread 72" [_thread_blocked, id=11468, stack(0x0000000564b00000,0x0000000564c00000)]
  0x0000014280d51800 JavaThread "Unconstrained build operations Thread 73" [_thread_blocked, id=14220, stack(0x0000000564c00000,0x0000000564d00000)]
  0x0000014280d4e800 JavaThread "Unconstrained build operations Thread 74" [_thread_blocked, id=7296, stack(0x0000000564d00000,0x0000000564e00000)]
  0x0000014280d4f000 JavaThread "Unconstrained build operations Thread 75" [_thread_blocked, id=5268, stack(0x0000000564e00000,0x0000000564f00000)]
  0x0000014280d55000 JavaThread "Unconstrained build operations Thread 76" [_thread_blocked, id=14308, stack(0x0000000564f00000,0x0000000565000000)]
  0x0000014280d55800 JavaThread "Unconstrained build operations Thread 77" [_thread_blocked, id=11056, stack(0x0000000565000000,0x0000000565100000)]
  0x0000014280d50000 JavaThread "Unconstrained build operations Thread 78" [_thread_blocked, id=3564, stack(0x0000000565100000,0x0000000565200000)]
  0x0000014280d5b800 JavaThread "Unconstrained build operations Thread 79" [_thread_blocked, id=2308, stack(0x0000000565200000,0x0000000565300000)]
  0x0000014280d5c000 JavaThread "Unconstrained build operations Thread 80" [_thread_blocked, id=1068, stack(0x0000000565300000,0x0000000565400000)]
  0x0000014280d56800 JavaThread "jar transforms Thread 4" [_thread_blocked, id=3972, stack(0x0000000565400000,0x0000000565500000)]
  0x0000014280d5d000 JavaThread "jar transforms Thread 5" [_thread_blocked, id=6568, stack(0x0000000565500000,0x0000000565600000)]
  0x0000014280d57800 JavaThread "jar transforms Thread 6" [_thread_blocked, id=5300, stack(0x0000000565600000,0x0000000565700000)]
  0x0000014280d59000 JavaThread "jar transforms Thread 7" [_thread_blocked, id=4268, stack(0x0000000565700000,0x0000000565800000)]
  0x0000014280d58000 JavaThread "jar transforms Thread 8" [_thread_blocked, id=12300, stack(0x0000000565800000,0x0000000565900000)]
  0x00000142831e9000 JavaThread "C2 CompilerThread1" daemon [_thread_in_native, id=2180, stack(0x000000055f500000,0x000000055f600000)]
  0x0000014280d59800 JavaThread "Memory manager" [_thread_blocked, id=15268, stack(0x000000055f600000,0x000000055f700000)]
  0x00000142807b9800 JavaThread "C2 CompilerThread2" daemon [_thread_in_native, id=544, stack(0x0000000565900000,0x0000000565a00000)]

Other Threads:
  0x00000142faa9f800 VMThread "VM Thread" [stack: 0x000000055d500000,0x000000055d600000] [id=10920]
  0x00000142facaf800 WatcherThread [stack: 0x000000055df00000,0x000000055e000000] [id=2784]
  0x00000142dfda5800 GCTaskThread "GC Thread#0" [stack: 0x000000055d000000,0x000000055d100000] [id=11324]
  0x00000142fb051800 GCTaskThread "GC Thread#1" [stack: 0x000000055e200000,0x000000055e300000] [id=8204]
  0x00000142fbc1a800 GCTaskThread "GC Thread#2" [stack: 0x000000055e300000,0x000000055e400000] [id=12020]
  0x00000142fb269800 GCTaskThread "GC Thread#3" [stack: 0x000000055e400000,0x000000055e500000] [id=9428]
  0x00000142fb595800 GCTaskThread "GC Thread#4" [stack: 0x000000055e500000,0x000000055e600000] [id=1980]
  0x00000142fb6fb800 GCTaskThread "GC Thread#5" [stack: 0x000000055e600000,0x000000055e700000] [id=5176]
  0x00000142fdf0d000 GCTaskThread "GC Thread#6" [stack: 0x000000055f200000,0x000000055f300000] [id=7912]
  0x00000142fe064800 GCTaskThread "GC Thread#7" [stack: 0x000000055f300000,0x000000055f400000] [id=10184]
  0x00000142dfdd7800 ConcurrentGCThread "G1 Main Marker" [stack: 0x000000055d100000,0x000000055d200000] [id=11120]
  0x00000142dfdd9800 ConcurrentGCThread "G1 Conc#0" [stack: 0x000000055d200000,0x000000055d300000] [id=8496]
  0x00000142fd029000 ConcurrentGCThread "G1 Conc#1" [stack: 0x000000055f400000,0x000000055f500000] [id=13444]
  0x00000142fa0e8800 ConcurrentGCThread "G1 Refine#0" [stack: 0x000000055d300000,0x000000055d400000] [id=4680]
  0x00000142dfe6d800 ConcurrentGCThread "G1 Young RemSet Sampling" [stack: 0x000000055d400000,0x000000055d500000] [id=10228]

Threads with active compile tasks:
C2 CompilerThread0  11659 5991   !   4       jdk.internal.loader.Resource::getBytes (242 bytes)
C1 CompilerThread0  11659 6053       3       org.objectweb.asm.Type::getArgumentTypes (154 bytes)
C2 CompilerThread1  11659 5990       4       jdk.internal.loader.URLClassPath$JarLoader$2::getBytes (48 bytes)
C2 CompilerThread2  11659 6030       4       org.objectweb.asm.Frame::accept (264 bytes)

VM state:not at safepoint (normal execution)

VM Mutex/Monitor currently owned by a thread: None

Heap address: 0x0000000080000000, size: 2048 MB, Compressed Oops mode: 32-bit
Narrow klass base: 0x0000000000000000, Narrow klass shift: 3
Compressed class space size: 1073741824 Address: 0x0000000100000000

Heap:
 garbage-first heap   total 262144K, used 94118K [0x0000000080000000, 0x0000000100000000)
  region size 1024K, 55 young (56320K), 12 survivors (12288K)
 Metaspace       used 62958K, capacity 64467K, committed 64680K, reserved 1105920K
  class space    used 7897K, capacity 8438K, committed 8556K, reserved 1048576K
Heap Regions: E=young(eden), S=young(survivor), O=old, HS=humongous(starts), HC=humongous(continues), CS=collection set, F=free, A=archive, TAMS=top-at-mark-start (previous, next)
|   0|0x0000000080000000, 0x0000000080100000, 0x0000000080100000|100%| O|  |TAMS 0x0000000080100000, 0x0000000080000000| Untracked 
|   1|0x0000000080100000, 0x0000000080200000, 0x0000000080200000|100%| O|  |TAMS 0x0000000080200000, 0x0000000080100000| Untracked 
|   2|0x0000000080200000, 0x0000000080300000, 0x0000000080300000|100%| O|  |TAMS 0x0000000080300000, 0x0000000080200000| Untracked 
|   3|0x0000000080300000, 0x0000000080400000, 0x0000000080400000|100%|HS|  |TAMS 0x0000000080400000, 0x0000000080300000| Complete 
|   4|0x0000000080400000, 0x0000000080500000, 0x0000000080500000|100%|HC|  |TAMS 0x0000000080500000, 0x0000000080400000| Complete 
|   5|0x0000000080500000, 0x0000000080600000, 0x0000000080600000|100%|HC|  |TAMS 0x0000000080600000, 0x0000000080500000| Complete 
|   6|0x0000000080600000, 0x0000000080700000, 0x0000000080700000|100%| O|  |TAMS 0x0000000080700000, 0x0000000080600000| Untracked 
|   7|0x0000000080700000, 0x0000000080800000, 0x0000000080800000|100%| O|  |TAMS 0x0000000080800000, 0x0000000080700000| Untracked 
|   8|0x0000000080800000, 0x0000000080900000, 0x0000000080900000|100%| O|  |TAMS 0x0000000080900000, 0x0000000080800000| Untracked 
|   9|0x0000000080900000, 0x0000000080a00000, 0x0000000080a00000|100%| O|  |TAMS 0x0000000080a00000, 0x0000000080900000| Untracked 
|  10|0x0000000080a00000, 0x0000000080b00000, 0x0000000080b00000|100%| O|  |TAMS 0x0000000080b00000, 0x0000000080a00000| Untracked 
|  11|0x0000000080b00000, 0x0000000080c00000, 0x0000000080c00000|100%| O|  |TAMS 0x0000000080c00000, 0x0000000080b00000| Untracked 
|  12|0x0000000080c00000, 0x0000000080d00000, 0x0000000080d00000|100%| O|  |TAMS 0x0000000080d00000, 0x0000000080c00000| Untracked 
|  13|0x0000000080d00000, 0x0000000080e00000, 0x0000000080e00000|100%| O|  |TAMS 0x0000000080e00000, 0x0000000080d00000| Untracked 
|  14|0x0000000080e00000, 0x0000000080f00000, 0x0000000080f00000|100%| O|  |TAMS 0x0000000080f00000, 0x0000000080e00000| Untracked 
|  15|0x0000000080f00000, 0x0000000081000000, 0x0000000081000000|100%| O|  |TAMS 0x0000000081000000, 0x0000000080f00000| Untracked 
|  16|0x0000000081000000, 0x0000000081100000, 0x0000000081100000|100%| O|  |TAMS 0x0000000081100000, 0x0000000081000000| Untracked 
|  17|0x0000000081100000, 0x0000000081200000, 0x0000000081200000|100%|HS|  |TAMS 0x0000000081200000, 0x0000000081100000| Complete 
|  18|0x0000000081200000, 0x0000000081300000, 0x0000000081300000|100%|HS|  |TAMS 0x0000000081300000, 0x0000000081200000| Complete 
|  19|0x0000000081300000, 0x0000000081400000, 0x0000000081400000|100%| O|  |TAMS 0x0000000081400000, 0x0000000081300000| Untracked 
|  20|0x0000000081400000, 0x0000000081500000, 0x0000000081500000|100%|HS|  |TAMS 0x0000000081500000, 0x0000000081400000| Complete 
|  21|0x0000000081500000, 0x0000000081600000, 0x0000000081600000|100%|HC|  |TAMS 0x0000000081600000, 0x0000000081500000| Complete 
|  22|0x0000000081600000, 0x0000000081700000, 0x0000000081700000|100%| O|  |TAMS 0x0000000081700000, 0x0000000081600000| Untracked 
|  23|0x0000000081700000, 0x0000000081800000, 0x0000000081800000|100%| O|  |TAMS 0x0000000081800000, 0x0000000081700000| Untracked 
|  24|0x0000000081800000, 0x0000000081900000, 0x0000000081900000|100%| O|  |TAMS 0x0000000081900000, 0x0000000081800000| Untracked 
|  25|0x0000000081900000, 0x0000000081a00000, 0x0000000081a00000|100%| O|  |TAMS 0x0000000081a00000, 0x0000000081900000| Untracked 
|  26|0x0000000081a00000, 0x0000000081b00000, 0x0000000081b00000|100%| O|  |TAMS 0x0000000081b00000, 0x0000000081a00000| Untracked 
|  27|0x0000000081b00000, 0x0000000081c00000, 0x0000000081c00000|100%| O|  |TAMS 0x0000000081c00000, 0x0000000081b00000| Untracked 
|  28|0x0000000081c00000, 0x0000000081d00000, 0x0000000081d00000|100%| O|  |TAMS 0x0000000081d00000, 0x0000000081c00000| Untracked 
|  29|0x0000000081d00000, 0x0000000081e00000, 0x0000000081e00000|100%| O|  |TAMS 0x0000000081e00000, 0x0000000081d00000| Untracked 
|  30|0x0000000081e00000, 0x0000000081f00000, 0x0000000081f00000|100%| O|  |TAMS 0x0000000081f00000, 0x0000000081e00000| Untracked 
|  31|0x0000000081f00000, 0x0000000081ff5800, 0x0000000082000000| 95%| O|  |TAMS 0x0000000081ff5800, 0x0000000081f00000| Untracked 
|  32|0x0000000082000000, 0x0000000082100000, 0x0000000082100000|100%|HS|  |TAMS 0x0000000082000000, 0x0000000082000000| Complete 
|  33|0x0000000082100000, 0x0000000082200000, 0x0000000082200000|100%|HS|  |TAMS 0x0000000082100000, 0x0000000082100000| Complete 
|  34|0x0000000082200000, 0x0000000082300000, 0x0000000082300000|100%|HS|  |TAMS 0x0000000082200000, 0x0000000082200000| Complete 
|  35|0x0000000082300000, 0x0000000082400000, 0x0000000082400000|100%|HS|  |TAMS 0x0000000082300000, 0x0000000082300000| Complete 
|  36|0x0000000082400000, 0x0000000082500000, 0x0000000082500000|100%|HS|  |TAMS 0x0000000082400000, 0x0000000082400000| Complete 
|  37|0x0000000082500000, 0x0000000082600000, 0x0000000082600000|100%|HS|  |TAMS 0x0000000082500000, 0x0000000082500000| Complete 
|  38|0x0000000082600000, 0x0000000082700000, 0x0000000082700000|100%|HS|  |TAMS 0x0000000082600000, 0x0000000082600000| Complete 
|  39|0x0000000082700000, 0x0000000082700000, 0x0000000082800000|  0%| F|  |TAMS 0x0000000082700000, 0x0000000082700000| Untracked 
|  40|0x0000000082800000, 0x0000000082800000, 0x0000000082900000|  0%| F|  |TAMS 0x0000000082800000, 0x0000000082800000| Untracked 
|  41|0x0000000082900000, 0x0000000082900000, 0x0000000082a00000|  0%| F|  |TAMS 0x0000000082900000, 0x0000000082900000| Untracked 
|  42|0x0000000082a00000, 0x0000000082a00000, 0x0000000082b00000|  0%| F|  |TAMS 0x0000000082a00000, 0x0000000082a00000| Untracked 
|  43|0x0000000082b00000, 0x0000000082b00000, 0x0000000082c00000|  0%| F|  |TAMS 0x0000000082b00000, 0x0000000082b00000| Untracked 
|  44|0x0000000082c00000, 0x0000000082c00000, 0x0000000082d00000|  0%| F|  |TAMS 0x0000000082c00000, 0x0000000082c00000| Untracked 
|  45|0x0000000082d00000, 0x0000000082d00000, 0x0000000082e00000|  0%| F|  |TAMS 0x0000000082d00000, 0x0000000082d00000| Untracked 
|  46|0x0000000082e00000, 0x0000000082e00000, 0x0000000082f00000|  0%| F|  |TAMS 0x0000000082e00000, 0x0000000082e00000| Untracked 
|  47|0x0000000082f00000, 0x0000000082f00000, 0x0000000083000000|  0%| F|  |TAMS 0x0000000082f00000, 0x0000000082f00000| Untracked 
|  48|0x0000000083000000, 0x0000000083000000, 0x0000000083100000|  0%| F|  |TAMS 0x0000000083000000, 0x0000000083000000| Untracked 
|  49|0x0000000083100000, 0x0000000083100000, 0x0000000083200000|  0%| F|  |TAMS 0x0000000083100000, 0x0000000083100000| Untracked 
|  50|0x0000000083200000, 0x0000000083200000, 0x0000000083300000|  0%| F|  |TAMS 0x0000000083200000, 0x0000000083200000| Untracked 
|  51|0x0000000083300000, 0x0000000083300000, 0x0000000083400000|  0%| F|  |TAMS 0x0000000083300000, 0x0000000083300000| Untracked 
|  52|0x0000000083400000, 0x0000000083400000, 0x0000000083500000|  0%| F|  |TAMS 0x0000000083400000, 0x0000000083400000| Untracked 
|  53|0x0000000083500000, 0x0000000083500000, 0x0000000083600000|  0%| F|  |TAMS 0x0000000083500000, 0x0000000083500000| Untracked 
|  54|0x0000000083600000, 0x0000000083600000, 0x0000000083700000|  0%| F|  |TAMS 0x0000000083600000, 0x0000000083600000| Untracked 
|  55|0x0000000083700000, 0x0000000083700000, 0x0000000083800000|  0%| F|  |TAMS 0x0000000083700000, 0x0000000083700000| Untracked 
|  56|0x0000000083800000, 0x0000000083800000, 0x0000000083900000|  0%| F|  |TAMS 0x0000000083800000, 0x0000000083800000| Untracked 
|  57|0x0000000083900000, 0x0000000083900000, 0x0000000083a00000|  0%| F|  |TAMS 0x0000000083900000, 0x0000000083900000| Untracked 
|  58|0x0000000083a00000, 0x0000000083a00000, 0x0000000083b00000|  0%| F|  |TAMS 0x0000000083a00000, 0x0000000083a00000| Untracked 
|  59|0x0000000083b00000, 0x0000000083b00000, 0x0000000083c00000|  0%| F|  |TAMS 0x0000000083b00000, 0x0000000083b00000| Untracked 
|  60|0x0000000083c00000, 0x0000000083c00000, 0x0000000083d00000|  0%| F|  |TAMS 0x0000000083c00000, 0x0000000083c00000| Untracked 
|  61|0x0000000083d00000, 0x0000000083d00000, 0x0000000083e00000|  0%| F|  |TAMS 0x0000000083d00000, 0x0000000083d00000| Untracked 
|  62|0x0000000083e00000, 0x0000000083e00000, 0x0000000083f00000|  0%| F|  |TAMS 0x0000000083e00000, 0x0000000083e00000| Untracked 
|  63|0x0000000083f00000, 0x0000000083f00000, 0x0000000084000000|  0%| F|  |TAMS 0x0000000083f00000, 0x0000000083f00000| Untracked 
|  64|0x0000000084000000, 0x0000000084000000, 0x0000000084100000|  0%| F|  |TAMS 0x0000000084000000, 0x0000000084000000| Untracked 
|  65|0x0000000084100000, 0x0000000084100000, 0x0000000084200000|  0%| F|  |TAMS 0x0000000084100000, 0x0000000084100000| Untracked 
|  66|0x0000000084200000, 0x0000000084200000, 0x0000000084300000|  0%| F|  |TAMS 0x0000000084200000, 0x0000000084200000| Untracked 
|  67|0x0000000084300000, 0x0000000084300000, 0x0000000084400000|  0%| F|  |TAMS 0x0000000084300000, 0x0000000084300000| Untracked 
|  68|0x0000000084400000, 0x0000000084400000, 0x0000000084500000|  0%| F|  |TAMS 0x0000000084400000, 0x0000000084400000| Untracked 
|  69|0x0000000084500000, 0x0000000084500000, 0x0000000084600000|  0%| F|  |TAMS 0x0000000084500000, 0x0000000084500000| Untracked 
|  70|0x0000000084600000, 0x0000000084600000, 0x0000000084700000|  0%| F|  |TAMS 0x0000000084600000, 0x0000000084600000| Untracked 
|  71|0x0000000084700000, 0x0000000084700000, 0x0000000084800000|  0%| F|  |TAMS 0x0000000084700000, 0x0000000084700000| Untracked 
|  72|0x0000000084800000, 0x0000000084800000, 0x0000000084900000|  0%| F|  |TAMS 0x0000000084800000, 0x0000000084800000| Untracked 
|  73|0x0000000084900000, 0x0000000084900000, 0x0000000084a00000|  0%| F|  |TAMS 0x0000000084900000, 0x0000000084900000| Untracked 
|  74|0x0000000084a00000, 0x0000000084a00000, 0x0000000084b00000|  0%| F|  |TAMS 0x0000000084a00000, 0x0000000084a00000| Untracked 
|  75|0x0000000084b00000, 0x0000000084b00000, 0x0000000084c00000|  0%| F|  |TAMS 0x0000000084b00000, 0x0000000084b00000| Untracked 
|  76|0x0000000084c00000, 0x0000000084c00000, 0x0000000084d00000|  0%| F|  |TAMS 0x0000000084c00000, 0x0000000084c00000| Untracked 
|  77|0x0000000084d00000, 0x0000000084d00000, 0x0000000084e00000|  0%| F|  |TAMS 0x0000000084d00000, 0x0000000084d00000| Untracked 
|  78|0x0000000084e00000, 0x0000000084e00000, 0x0000000084f00000|  0%| F|  |TAMS 0x0000000084e00000, 0x0000000084e00000| Untracked 
|  79|0x0000000084f00000, 0x0000000084f00000, 0x0000000085000000|  0%| F|  |TAMS 0x0000000084f00000, 0x0000000084f00000| Untracked 
|  80|0x0000000085000000, 0x0000000085000000, 0x0000000085100000|  0%| F|  |TAMS 0x0000000085000000, 0x0000000085000000| Untracked 
|  81|0x0000000085100000, 0x0000000085100000, 0x0000000085200000|  0%| F|  |TAMS 0x0000000085100000, 0x0000000085100000| Untracked 
|  82|0x0000000085200000, 0x0000000085200000, 0x0000000085300000|  0%| F|  |TAMS 0x0000000085200000, 0x0000000085200000| Untracked 
|  83|0x0000000085300000, 0x0000000085300000, 0x0000000085400000|  0%| F|  |TAMS 0x0000000085300000, 0x0000000085300000| Untracked 
|  84|0x0000000085400000, 0x0000000085400000, 0x0000000085500000|  0%| F|  |TAMS 0x0000000085400000, 0x0000000085400000| Untracked 
|  85|0x0000000085500000, 0x0000000085500000, 0x0000000085600000|  0%| F|  |TAMS 0x0000000085500000, 0x0000000085500000| Untracked 
|  86|0x0000000085600000, 0x0000000085600000, 0x0000000085700000|  0%| F|  |TAMS 0x0000000085600000, 0x0000000085600000| Untracked 
|  87|0x0000000085700000, 0x0000000085700000, 0x0000000085800000|  0%| F|  |TAMS 0x0000000085700000, 0x0000000085700000| Untracked 
|  88|0x0000000085800000, 0x0000000085800000, 0x0000000085900000|  0%| F|  |TAMS 0x0000000085800000, 0x0000000085800000| Untracked 
|  89|0x0000000085900000, 0x0000000085900000, 0x0000000085a00000|  0%| F|  |TAMS 0x0000000085900000, 0x0000000085900000| Untracked 
|  90|0x0000000085a00000, 0x0000000085a00000, 0x0000000085b00000|  0%| F|  |TAMS 0x0000000085a00000, 0x0000000085a00000| Untracked 
|  91|0x0000000085b00000, 0x0000000085b00000, 0x0000000085c00000|  0%| F|  |TAMS 0x0000000085b00000, 0x0000000085b00000| Untracked 
|  92|0x0000000085c00000, 0x0000000085c00000, 0x0000000085d00000|  0%| F|  |TAMS 0x0000000085c00000, 0x0000000085c00000| Untracked 
|  93|0x0000000085d00000, 0x0000000085d00000, 0x0000000085e00000|  0%| F|  |TAMS 0x0000000085d00000, 0x0000000085d00000| Untracked 
|  94|0x0000000085e00000, 0x0000000085e00000, 0x0000000085f00000|  0%| F|  |TAMS 0x0000000085e00000, 0x0000000085e00000| Untracked 
|  95|0x0000000085f00000, 0x0000000085f00000, 0x0000000086000000|  0%| F|  |TAMS 0x0000000085f00000, 0x0000000085f00000| Untracked 
|  96|0x0000000086000000, 0x0000000086000000, 0x0000000086100000|  0%| F|  |TAMS 0x0000000086000000, 0x0000000086000000| Untracked 
|  97|0x0000000086100000, 0x0000000086100000, 0x0000000086200000|  0%| F|  |TAMS 0x0000000086100000, 0x0000000086100000| Untracked 
|  98|0x0000000086200000, 0x0000000086200000, 0x0000000086300000|  0%| F|  |TAMS 0x0000000086200000, 0x0000000086200000| Untracked 
|  99|0x0000000086300000, 0x0000000086300000, 0x0000000086400000|  0%| F|  |TAMS 0x0000000086300000, 0x0000000086300000| Untracked 
| 100|0x0000000086400000, 0x0000000086400000, 0x0000000086500000|  0%| F|  |TAMS 0x0000000086400000, 0x0000000086400000| Untracked 
| 101|0x0000000086500000, 0x0000000086500000, 0x0000000086600000|  0%| F|  |TAMS 0x0000000086500000, 0x0000000086500000| Untracked 
| 102|0x0000000086600000, 0x0000000086600000, 0x0000000086700000|  0%| F|  |TAMS 0x0000000086600000, 0x0000000086600000| Untracked 
| 103|0x0000000086700000, 0x0000000086700000, 0x0000000086800000|  0%| F|  |TAMS 0x0000000086700000, 0x0000000086700000| Untracked 
| 104|0x0000000086800000, 0x0000000086800000, 0x0000000086900000|  0%| F|  |TAMS 0x0000000086800000, 0x0000000086800000| Untracked 
| 105|0x0000000086900000, 0x0000000086900000, 0x0000000086a00000|  0%| F|  |TAMS 0x0000000086900000, 0x0000000086900000| Untracked 
| 106|0x0000000086a00000, 0x0000000086a00000, 0x0000000086b00000|  0%| F|  |TAMS 0x0000000086a00000, 0x0000000086a00000| Untracked 
| 107|0x0000000086b00000, 0x0000000086b00000, 0x0000000086c00000|  0%| F|  |TAMS 0x0000000086b00000, 0x0000000086b00000| Untracked 
| 108|0x0000000086c00000, 0x0000000086c00000, 0x0000000086d00000|  0%| F|  |TAMS 0x0000000086c00000, 0x0000000086c00000| Untracked 
| 109|0x0000000086d00000, 0x0000000086d00000, 0x0000000086e00000|  0%| F|  |TAMS 0x0000000086d00000, 0x0000000086d00000| Untracked 
| 110|0x0000000086e00000, 0x0000000086e00000, 0x0000000086f00000|  0%| F|  |TAMS 0x0000000086e00000, 0x0000000086e00000| Untracked 
| 111|0x0000000086f00000, 0x0000000086f00000, 0x0000000087000000|  0%| F|  |TAMS 0x0000000086f00000, 0x0000000086f00000| Untracked 
| 112|0x0000000087000000, 0x0000000087000000, 0x0000000087100000|  0%| F|  |TAMS 0x0000000087000000, 0x0000000087000000| Untracked 
| 113|0x0000000087100000, 0x0000000087100000, 0x0000000087200000|  0%| F|  |TAMS 0x0000000087100000, 0x0000000087100000| Untracked 
| 114|0x0000000087200000, 0x0000000087200000, 0x0000000087300000|  0%| F|  |TAMS 0x0000000087200000, 0x0000000087200000| Untracked 
| 115|0x0000000087300000, 0x0000000087300000, 0x0000000087400000|  0%| F|  |TAMS 0x0000000087300000, 0x0000000087300000| Untracked 
| 116|0x0000000087400000, 0x0000000087400000, 0x0000000087500000|  0%| F|  |TAMS 0x0000000087400000, 0x0000000087400000| Untracked 
| 117|0x0000000087500000, 0x0000000087500000, 0x0000000087600000|  0%| F|  |TAMS 0x0000000087500000, 0x0000000087500000| Untracked 
| 118|0x0000000087600000, 0x0000000087600000, 0x0000000087700000|  0%| F|  |TAMS 0x0000000087600000, 0x0000000087600000| Untracked 
| 119|0x0000000087700000, 0x0000000087700000, 0x0000000087800000|  0%| F|  |TAMS 0x0000000087700000, 0x0000000087700000| Untracked 
| 120|0x0000000087800000, 0x0000000087800000, 0x0000000087900000|  0%| F|  |TAMS 0x0000000087800000, 0x0000000087800000| Untracked 
| 121|0x0000000087900000, 0x0000000087900000, 0x0000000087a00000|  0%| F|  |TAMS 0x0000000087900000, 0x0000000087900000| Untracked 
| 122|0x0000000087a00000, 0x0000000087a00000, 0x0000000087b00000|  0%| F|  |TAMS 0x0000000087a00000, 0x0000000087a00000| Untracked 
| 123|0x0000000087b00000, 0x0000000087b00000, 0x0000000087c00000|  0%| F|  |TAMS 0x0000000087b00000, 0x0000000087b00000| Untracked 
| 124|0x0000000087c00000, 0x0000000087c00000, 0x0000000087d00000|  0%| F|  |TAMS 0x0000000087c00000, 0x0000000087c00000| Untracked 
| 125|0x0000000087d00000, 0x0000000087d00000, 0x0000000087e00000|  0%| F|  |TAMS 0x0000000087d00000, 0x0000000087d00000| Untracked 
| 126|0x0000000087e00000, 0x0000000087e00000, 0x0000000087f00000|  0%| F|  |TAMS 0x0000000087e00000, 0x0000000087e00000| Untracked 
| 127|0x0000000087f00000, 0x0000000087f00000, 0x0000000088000000|  0%| F|  |TAMS 0x0000000087f00000, 0x0000000087f00000| Untracked 
| 128|0x0000000088000000, 0x0000000088000000, 0x0000000088100000|  0%| F|  |TAMS 0x0000000088000000, 0x0000000088000000| Untracked 
| 129|0x0000000088100000, 0x0000000088100000, 0x0000000088200000|  0%| F|  |TAMS 0x0000000088100000, 0x0000000088100000| Untracked 
| 130|0x0000000088200000, 0x0000000088200000, 0x0000000088300000|  0%| F|  |TAMS 0x0000000088200000, 0x0000000088200000| Untracked 
| 131|0x0000000088300000, 0x0000000088300000, 0x0000000088400000|  0%| F|  |TAMS 0x0000000088300000, 0x0000000088300000| Untracked 
| 132|0x0000000088400000, 0x0000000088400000, 0x0000000088500000|  0%| F|  |TAMS 0x0000000088400000, 0x0000000088400000| Untracked 
| 133|0x0000000088500000, 0x0000000088500000, 0x0000000088600000|  0%| F|  |TAMS 0x0000000088500000, 0x0000000088500000| Untracked 
| 134|0x0000000088600000, 0x0000000088600000, 0x0000000088700000|  0%| F|  |TAMS 0x0000000088600000, 0x0000000088600000| Untracked 
| 135|0x0000000088700000, 0x0000000088700000, 0x0000000088800000|  0%| F|  |TAMS 0x0000000088700000, 0x0000000088700000| Untracked 
| 136|0x0000000088800000, 0x0000000088800000, 0x0000000088900000|  0%| F|  |TAMS 0x0000000088800000, 0x0000000088800000| Untracked 
| 137|0x0000000088900000, 0x0000000088900000, 0x0000000088a00000|  0%| F|  |TAMS 0x0000000088900000, 0x0000000088900000| Untracked 
| 138|0x0000000088a00000, 0x0000000088a00000, 0x0000000088b00000|  0%| F|  |TAMS 0x0000000088a00000, 0x0000000088a00000| Untracked 
| 139|0x0000000088b00000, 0x0000000088b00000, 0x0000000088c00000|  0%| F|  |TAMS 0x0000000088b00000, 0x0000000088b00000| Untracked 
| 140|0x0000000088c00000, 0x0000000088c00000, 0x0000000088d00000|  0%| F|  |TAMS 0x0000000088c00000, 0x0000000088c00000| Untracked 
| 141|0x0000000088d00000, 0x0000000088d00000, 0x0000000088e00000|  0%| F|  |TAMS 0x0000000088d00000, 0x0000000088d00000| Untracked 
| 142|0x0000000088e00000, 0x0000000088e00000, 0x0000000088f00000|  0%| F|  |TAMS 0x0000000088e00000, 0x0000000088e00000| Untracked 
| 143|0x0000000088f00000, 0x0000000088f00000, 0x0000000089000000|  0%| F|  |TAMS 0x0000000088f00000, 0x0000000088f00000| Untracked 
| 144|0x0000000089000000, 0x0000000089000000, 0x0000000089100000|  0%| F|  |TAMS 0x0000000089000000, 0x0000000089000000| Untracked 
| 145|0x0000000089100000, 0x0000000089100000, 0x0000000089200000|  0%| F|  |TAMS 0x0000000089100000, 0x0000000089100000| Untracked 
| 146|0x0000000089200000, 0x0000000089200000, 0x0000000089300000|  0%| F|  |TAMS 0x0000000089200000, 0x0000000089200000| Untracked 
| 147|0x0000000089300000, 0x0000000089300000, 0x0000000089400000|  0%| F|  |TAMS 0x0000000089300000, 0x0000000089300000| Untracked 
| 148|0x0000000089400000, 0x0000000089400000, 0x0000000089500000|  0%| F|  |TAMS 0x0000000089400000, 0x0000000089400000| Untracked 
| 149|0x0000000089500000, 0x0000000089500000, 0x0000000089600000|  0%| F|  |TAMS 0x0000000089500000, 0x0000000089500000| Untracked 
| 150|0x0000000089600000, 0x0000000089600000, 0x0000000089700000|  0%| F|  |TAMS 0x0000000089600000, 0x0000000089600000| Untracked 
| 151|0x0000000089700000, 0x0000000089700000, 0x0000000089800000|  0%| F|  |TAMS 0x0000000089700000, 0x0000000089700000| Untracked 
| 152|0x0000000089800000, 0x0000000089800000, 0x0000000089900000|  0%| F|  |TAMS 0x0000000089800000, 0x0000000089800000| Untracked 
| 153|0x0000000089900000, 0x0000000089900000, 0x0000000089a00000|  0%| F|  |TAMS 0x0000000089900000, 0x0000000089900000| Untracked 
| 154|0x0000000089a00000, 0x0000000089a00000, 0x0000000089b00000|  0%| F|  |TAMS 0x0000000089a00000, 0x0000000089a00000| Untracked 
| 155|0x0000000089b00000, 0x0000000089b00000, 0x0000000089c00000|  0%| F|  |TAMS 0x0000000089b00000, 0x0000000089b00000| Untracked 
| 156|0x0000000089c00000, 0x0000000089c00000, 0x0000000089d00000|  0%| F|  |TAMS 0x0000000089c00000, 0x0000000089c00000| Untracked 
| 157|0x0000000089d00000, 0x0000000089d00000, 0x0000000089e00000|  0%| F|  |TAMS 0x0000000089d00000, 0x0000000089d00000| Untracked 
| 158|0x0000000089e00000, 0x0000000089e00000, 0x0000000089f00000|  0%| F|  |TAMS 0x0000000089e00000, 0x0000000089e00000| Untracked 
| 159|0x0000000089f00000, 0x0000000089f00000, 0x000000008a000000|  0%| F|  |TAMS 0x0000000089f00000, 0x0000000089f00000| Untracked 
| 160|0x000000008a000000, 0x000000008a000000, 0x000000008a100000|  0%| F|  |TAMS 0x000000008a000000, 0x000000008a000000| Untracked 
| 161|0x000000008a100000, 0x000000008a100000, 0x000000008a200000|  0%| F|  |TAMS 0x000000008a100000, 0x000000008a100000| Untracked 
| 162|0x000000008a200000, 0x000000008a200000, 0x000000008a300000|  0%| F|  |TAMS 0x000000008a200000, 0x000000008a200000| Untracked 
| 163|0x000000008a300000, 0x000000008a300000, 0x000000008a400000|  0%| F|  |TAMS 0x000000008a300000, 0x000000008a300000| Untracked 
| 164|0x000000008a400000, 0x000000008a400000, 0x000000008a500000|  0%| F|  |TAMS 0x000000008a400000, 0x000000008a400000| Untracked 
| 165|0x000000008a500000, 0x000000008a500000, 0x000000008a600000|  0%| F|  |TAMS 0x000000008a500000, 0x000000008a500000| Untracked 
| 166|0x000000008a600000, 0x000000008a600000, 0x000000008a700000|  0%| F|  |TAMS 0x000000008a600000, 0x000000008a600000| Untracked 
| 167|0x000000008a700000, 0x000000008a700000, 0x000000008a800000|  0%| F|  |TAMS 0x000000008a700000, 0x000000008a700000| Untracked 
| 168|0x000000008a800000, 0x000000008a800000, 0x000000008a900000|  0%| F|  |TAMS 0x000000008a800000, 0x000000008a800000| Untracked 
| 169|0x000000008a900000, 0x000000008a900000, 0x000000008aa00000|  0%| F|  |TAMS 0x000000008a900000, 0x000000008a900000| Untracked 
| 170|0x000000008aa00000, 0x000000008aa00000, 0x000000008ab00000|  0%| F|  |TAMS 0x000000008aa00000, 0x000000008aa00000| Untracked 
| 171|0x000000008ab00000, 0x000000008ab00000, 0x000000008ac00000|  0%| F|  |TAMS 0x000000008ab00000, 0x000000008ab00000| Untracked 
| 172|0x000000008ac00000, 0x000000008ac00000, 0x000000008ad00000|  0%| F|  |TAMS 0x000000008ac00000, 0x000000008ac00000| Untracked 
| 173|0x000000008ad00000, 0x000000008ad00000, 0x000000008ae00000|  0%| F|  |TAMS 0x000000008ad00000, 0x000000008ad00000| Untracked 
| 174|0x000000008ae00000, 0x000000008ae00000, 0x000000008af00000|  0%| F|  |TAMS 0x000000008ae00000, 0x000000008ae00000| Untracked 
| 175|0x000000008af00000, 0x000000008af00000, 0x000000008b000000|  0%| F|  |TAMS 0x000000008af00000, 0x000000008af00000| Untracked 
| 176|0x000000008b000000, 0x000000008b000000, 0x000000008b100000|  0%| F|  |TAMS 0x000000008b000000, 0x000000008b000000| Untracked 
| 177|0x000000008b100000, 0x000000008b100000, 0x000000008b200000|  0%| F|  |TAMS 0x000000008b100000, 0x000000008b100000| Untracked 
| 178|0x000000008b200000, 0x000000008b200000, 0x000000008b300000|  0%| F|  |TAMS 0x000000008b200000, 0x000000008b200000| Untracked 
| 179|0x000000008b300000, 0x000000008b300000, 0x000000008b400000|  0%| F|  |TAMS 0x000000008b300000, 0x000000008b300000| Untracked 
| 180|0x000000008b400000, 0x000000008b400000, 0x000000008b500000|  0%| F|  |TAMS 0x000000008b400000, 0x000000008b400000| Untracked 
| 181|0x000000008b500000, 0x000000008b500000, 0x000000008b600000|  0%| F|  |TAMS 0x000000008b500000, 0x000000008b500000| Untracked 
| 182|0x000000008b600000, 0x000000008b600000, 0x000000008b700000|  0%| F|  |TAMS 0x000000008b600000, 0x000000008b600000| Untracked 
| 183|0x000000008b700000, 0x000000008b700000, 0x000000008b800000|  0%| F|  |TAMS 0x000000008b700000, 0x000000008b700000| Untracked 
| 184|0x000000008b800000, 0x000000008b800000, 0x000000008b900000|  0%| F|  |TAMS 0x000000008b800000, 0x000000008b800000| Untracked 
| 185|0x000000008b900000, 0x000000008b900000, 0x000000008ba00000|  0%| F|  |TAMS 0x000000008b900000, 0x000000008b900000| Untracked 
| 186|0x000000008ba00000, 0x000000008ba00000, 0x000000008bb00000|  0%| F|  |TAMS 0x000000008ba00000, 0x000000008ba00000| Untracked 
| 187|0x000000008bb00000, 0x000000008bb00000, 0x000000008bc00000|  0%| F|  |TAMS 0x000000008bb00000, 0x000000008bb00000| Untracked 
| 188|0x000000008bc00000, 0x000000008bc00000, 0x000000008bd00000|  0%| F|  |TAMS 0x000000008bc00000, 0x000000008bc00000| Untracked 
| 189|0x000000008bd00000, 0x000000008bd00000, 0x000000008be00000|  0%| F|  |TAMS 0x000000008bd00000, 0x000000008bd00000| Untracked 
| 190|0x000000008be00000, 0x000000008be00000, 0x000000008bf00000|  0%| F|  |TAMS 0x000000008be00000, 0x000000008be00000| Untracked 
| 191|0x000000008bf00000, 0x000000008bf00000, 0x000000008c000000|  0%| F|  |TAMS 0x000000008bf00000, 0x000000008bf00000| Untracked 
| 192|0x000000008c000000, 0x000000008c000000, 0x000000008c100000|  0%| F|  |TAMS 0x000000008c000000, 0x000000008c000000| Untracked 
| 193|0x000000008c100000, 0x000000008c100000, 0x000000008c200000|  0%| F|  |TAMS 0x000000008c100000, 0x000000008c100000| Untracked 
| 194|0x000000008c200000, 0x000000008c200000, 0x000000008c300000|  0%| F|  |TAMS 0x000000008c200000, 0x000000008c200000| Untracked 
| 195|0x000000008c300000, 0x000000008c300000, 0x000000008c400000|  0%| F|  |TAMS 0x000000008c300000, 0x000000008c300000| Untracked 
| 196|0x000000008c400000, 0x000000008c400000, 0x000000008c500000|  0%| F|  |TAMS 0x000000008c400000, 0x000000008c400000| Untracked 
| 197|0x000000008c500000, 0x000000008c500000, 0x000000008c600000|  0%| F|  |TAMS 0x000000008c500000, 0x000000008c500000| Untracked 
| 198|0x000000008c600000, 0x000000008c600000, 0x000000008c700000|  0%| F|  |TAMS 0x000000008c600000, 0x000000008c600000| Untracked 
| 199|0x000000008c700000, 0x000000008c700000, 0x000000008c800000|  0%| F|  |TAMS 0x000000008c700000, 0x000000008c700000| Untracked 
| 200|0x000000008c800000, 0x000000008c800000, 0x000000008c900000|  0%| F|  |TAMS 0x000000008c800000, 0x000000008c800000| Untracked 
| 201|0x000000008c900000, 0x000000008ca00000, 0x000000008ca00000|100%| E|  |TAMS 0x000000008c900000, 0x000000008c900000| Complete 
| 202|0x000000008ca00000, 0x000000008cb00000, 0x000000008cb00000|100%| E|CS|TAMS 0x000000008ca00000, 0x000000008ca00000| Complete 
| 203|0x000000008cb00000, 0x000000008cc00000, 0x000000008cc00000|100%| E|CS|TAMS 0x000000008cb00000, 0x000000008cb00000| Complete 
| 204|0x000000008cc00000, 0x000000008cd00000, 0x000000008cd00000|100%| E|CS|TAMS 0x000000008cc00000, 0x000000008cc00000| Complete 
| 205|0x000000008cd00000, 0x000000008ce00000, 0x000000008ce00000|100%| E|CS|TAMS 0x000000008cd00000, 0x000000008cd00000| Complete 
| 206|0x000000008ce00000, 0x000000008cf00000, 0x000000008cf00000|100%| E|CS|TAMS 0x000000008ce00000, 0x000000008ce00000| Complete 
| 207|0x000000008cf00000, 0x000000008d000000, 0x000000008d000000|100%| E|CS|TAMS 0x000000008cf00000, 0x000000008cf00000| Complete 
| 208|0x000000008d000000, 0x000000008d100000, 0x000000008d100000|100%| E|CS|TAMS 0x000000008d000000, 0x000000008d000000| Complete 
| 209|0x000000008d100000, 0x000000008d200000, 0x000000008d200000|100%| E|CS|TAMS 0x000000008d100000, 0x000000008d100000| Complete 
| 210|0x000000008d200000, 0x000000008d300000, 0x000000008d300000|100%| E|CS|TAMS 0x000000008d200000, 0x000000008d200000| Complete 
| 211|0x000000008d300000, 0x000000008d400000, 0x000000008d400000|100%| E|CS|TAMS 0x000000008d300000, 0x000000008d300000| Complete 
| 212|0x000000008d400000, 0x000000008d500000, 0x000000008d500000|100%| E|CS|TAMS 0x000000008d400000, 0x000000008d400000| Complete 
| 213|0x000000008d500000, 0x000000008d600000, 0x000000008d600000|100%| E|CS|TAMS 0x000000008d500000, 0x000000008d500000| Complete 
| 214|0x000000008d600000, 0x000000008d700000, 0x000000008d700000|100%| E|CS|TAMS 0x000000008d600000, 0x000000008d600000| Complete 
| 215|0x000000008d700000, 0x000000008d800000, 0x000000008d800000|100%| E|CS|TAMS 0x000000008d700000, 0x000000008d700000| Complete 
| 216|0x000000008d800000, 0x000000008d900000, 0x000000008d900000|100%| E|CS|TAMS 0x000000008d800000, 0x000000008d800000| Complete 
| 217|0x000000008d900000, 0x000000008da00000, 0x000000008da00000|100%| E|CS|TAMS 0x000000008d900000, 0x000000008d900000| Complete 
| 218|0x000000008da00000, 0x000000008db00000, 0x000000008db00000|100%| E|CS|TAMS 0x000000008da00000, 0x000000008da00000| Complete 
| 219|0x000000008db00000, 0x000000008dc00000, 0x000000008dc00000|100%| E|CS|TAMS 0x000000008db00000, 0x000000008db00000| Complete 
| 220|0x000000008dc00000, 0x000000008dd00000, 0x000000008dd00000|100%| E|CS|TAMS 0x000000008dc00000, 0x000000008dc00000| Complete 
| 221|0x000000008dd00000, 0x000000008de00000, 0x000000008de00000|100%| E|CS|TAMS 0x000000008dd00000, 0x000000008dd00000| Complete 
| 222|0x000000008de00000, 0x000000008df00000, 0x000000008df00000|100%| E|CS|TAMS 0x000000008de00000, 0x000000008de00000| Complete 
| 223|0x000000008df00000, 0x000000008dff40f8, 0x000000008e000000| 95%| S|CS|TAMS 0x000000008df00000, 0x000000008df00000| Complete 
| 224|0x000000008e000000, 0x000000008e100000, 0x000000008e100000|100%| S|CS|TAMS 0x000000008e000000, 0x000000008e000000| Complete 
| 225|0x000000008e100000, 0x000000008e200000, 0x000000008e200000|100%| S|CS|TAMS 0x000000008e100000, 0x000000008e100000| Complete 
| 226|0x000000008e200000, 0x000000008e300000, 0x000000008e300000|100%| S|CS|TAMS 0x000000008e200000, 0x000000008e200000| Complete 
| 227|0x000000008e300000, 0x000000008e400000, 0x000000008e400000|100%| S|CS|TAMS 0x000000008e300000, 0x000000008e300000| Complete 
| 228|0x000000008e400000, 0x000000008e500000, 0x000000008e500000|100%| S|CS|TAMS 0x000000008e400000, 0x000000008e400000| Complete 
| 229|0x000000008e500000, 0x000000008e600000, 0x000000008e600000|100%| S|CS|TAMS 0x000000008e500000, 0x000000008e500000| Complete 
| 230|0x000000008e600000, 0x000000008e700000, 0x000000008e700000|100%| S|CS|TAMS 0x000000008e600000, 0x000000008e600000| Complete 
| 231|0x000000008e700000, 0x000000008e800000, 0x000000008e800000|100%| S|CS|TAMS 0x000000008e700000, 0x000000008e700000| Complete 
| 232|0x000000008e800000, 0x000000008e900000, 0x000000008e900000|100%| S|CS|TAMS 0x000000008e800000, 0x000000008e800000| Complete 
| 233|0x000000008e900000, 0x000000008ea00000, 0x000000008ea00000|100%| S|CS|TAMS 0x000000008e900000, 0x000000008e900000| Complete 
| 234|0x000000008ea00000, 0x000000008eb00000, 0x000000008eb00000|100%| S|CS|TAMS 0x000000008ea00000, 0x000000008ea00000| Complete 
| 235|0x000000008eb00000, 0x000000008ec00000, 0x000000008ec00000|100%| E|CS|TAMS 0x000000008eb00000, 0x000000008eb00000| Complete 
| 236|0x000000008ec00000, 0x000000008ed00000, 0x000000008ed00000|100%| E|CS|TAMS 0x000000008ec00000, 0x000000008ec00000| Complete 
| 237|0x000000008ed00000, 0x000000008ee00000, 0x000000008ee00000|100%| E|CS|TAMS 0x000000008ed00000, 0x000000008ed00000| Complete 
| 238|0x000000008ee00000, 0x000000008ef00000, 0x000000008ef00000|100%| E|  |TAMS 0x000000008ee00000, 0x000000008ee00000| Complete 
| 239|0x000000008ef00000, 0x000000008f000000, 0x000000008f000000|100%| E|CS|TAMS 0x000000008ef00000, 0x000000008ef00000| Complete 
| 240|0x000000008f000000, 0x000000008f100000, 0x000000008f100000|100%| E|CS|TAMS 0x000000008f000000, 0x000000008f000000| Complete 
| 241|0x000000008f100000, 0x000000008f200000, 0x000000008f200000|100%| E|CS|TAMS 0x000000008f100000, 0x000000008f100000| Complete 
| 242|0x000000008f200000, 0x000000008f300000, 0x000000008f300000|100%| E|CS|TAMS 0x000000008f200000, 0x000000008f200000| Complete 
| 243|0x000000008f300000, 0x000000008f400000, 0x000000008f400000|100%| E|CS|TAMS 0x000000008f300000, 0x000000008f300000| Complete 
| 244|0x000000008f400000, 0x000000008f500000, 0x000000008f500000|100%| E|CS|TAMS 0x000000008f400000, 0x000000008f400000| Complete 
| 245|0x000000008f500000, 0x000000008f600000, 0x000000008f600000|100%| E|CS|TAMS 0x000000008f500000, 0x000000008f500000| Complete 
| 246|0x000000008f600000, 0x000000008f700000, 0x000000008f700000|100%| E|CS|TAMS 0x000000008f600000, 0x000000008f600000| Complete 
| 247|0x000000008f700000, 0x000000008f800000, 0x000000008f800000|100%| E|CS|TAMS 0x000000008f700000, 0x000000008f700000| Complete 
| 248|0x000000008f800000, 0x000000008f900000, 0x000000008f900000|100%| E|CS|TAMS 0x000000008f800000, 0x000000008f800000| Complete 
| 249|0x000000008f900000, 0x000000008fa00000, 0x000000008fa00000|100%| E|CS|TAMS 0x000000008f900000, 0x000000008f900000| Complete 
| 250|0x000000008fa00000, 0x000000008fb00000, 0x000000008fb00000|100%| E|CS|TAMS 0x000000008fa00000, 0x000000008fa00000| Complete 
| 251|0x000000008fb00000, 0x000000008fc00000, 0x000000008fc00000|100%| E|CS|TAMS 0x000000008fb00000, 0x000000008fb00000| Complete 
| 252|0x000000008fc00000, 0x000000008fd00000, 0x000000008fd00000|100%| E|CS|TAMS 0x000000008fc00000, 0x000000008fc00000| Complete 
| 253|0x000000008fd00000, 0x000000008fe00000, 0x000000008fe00000|100%| E|CS|TAMS 0x000000008fd00000, 0x000000008fd00000| Complete 
| 254|0x000000008fe00000, 0x000000008ff00000, 0x000000008ff00000|100%| E|CS|TAMS 0x000000008fe00000, 0x000000008fe00000| Complete 
| 255|0x000000008ff00000, 0x0000000090000000, 0x0000000090000000|100%| E|CS|TAMS 0x000000008ff00000, 0x000000008ff00000| Complete 

Card table byte_map: [0x00000142f2fe0000,0x00000142f33e0000] _byte_map_base: 0x00000142f2be0000

Marking Bits (Prev, Next): (CMBitMap*) 0x00000142dfdce7d0, (CMBitMap*) 0x00000142dfdce798
 Prev Bits: [0x00000142f57e0000, 0x00000142f77e0000)
 Next Bits: [0x00000142f37e0000, 0x00000142f57e0000)

Polling page: 0x00000142ddd20000

Metaspace:

Usage:
  Non-class:     54.78 MB capacity,    53.83 MB ( 98%) used,   809.58 KB (  1%) free+waste,   162.88 KB ( <1%) overhead. 
      Class:      8.24 MB capacity,     7.72 MB ( 94%) used,   457.65 KB (  5%) free+waste,    76.44 KB ( <1%) overhead. 
       Both:     63.02 MB capacity,    61.55 MB ( 98%) used,     1.24 MB (  2%) free+waste,   239.31 KB ( <1%) overhead. 

Virtual space:
  Non-class space:       56.00 MB reserved,      54.81 MB ( 98%) committed 
      Class space:        1.00 GB reserved,       8.36 MB ( <1%) committed 
             Both:        1.05 GB reserved,      63.16 MB (  6%) committed 

Chunk freelists:
   Non-Class:  31.00 KB
       Class:  10.00 KB
        Both:  41.00 KB

MaxMetaspaceSize: 17179869184.00 GB
CompressedClassSpaceSize: 1.00 GB
Initial GC threshold: 20.80 MB
Current GC threshold: 99.44 MB
CDS: off

CodeHeap 'non-profiled nmethods': size=120000Kb used=3677Kb max_used=3677Kb free=116322Kb
 bounds [0x00000142eb380000, 0x00000142eb720000, 0x00000142f28b0000]
CodeHeap 'profiled nmethods': size=120000Kb used=12769Kb max_used=12769Kb free=107230Kb
 bounds [0x00000142e3e50000, 0x00000142e4ad0000, 0x00000142eb380000]
CodeHeap 'non-nmethods': size=5760Kb used=2334Kb max_used=2384Kb free=3425Kb
 bounds [0x00000142e38b0000, 0x00000142e3b20000, 0x00000142e3e50000]
 total_blobs=6863 nmethods=6018 adapters=757
 compilation: enabled
              stopped_count=0, restarted_count=0
 full_count=0

Compilation events (20 events):
Event: 11.579 Thread 0x00000142fab13000 6022       3       org.gradle.internal.instantiation.generator.AsmBackedClassGenerator$ClassBuilderImpl::addActionMethod (265 bytes)
Event: 11.581 Thread 0x00000142fab13000 nmethod 6022 0x00000142e4a9e590 code [0x00000142e4a9e980, 0x00000142e4aa02f8]
Event: 11.581 Thread 0x00000142fab13000 6024       1       org.gradle.internal.instantiation.generator.AbstractClassGenerator$PropertyMetadata::access$1300 (5 bytes)
Event: 11.581 Thread 0x00000142807b9800 nmethod 6004 0x00000142eb712b10 code [0x00000142eb712cc0, 0x00000142eb7130c8]
Event: 11.581 Thread 0x00000142fab13000 nmethod 6024 0x00000142eb713310 code [0x00000142eb7134c0, 0x00000142eb713558]
Event: 11.582 Thread 0x00000142fab13000 6023       3       org.gradle.util.internal.CollectionUtils::collectArray (17 bytes)
Event: 11.582 Thread 0x00000142807b9800 6017       4       java.util.TreeMap::successor (66 bytes)
Event: 11.582 Thread 0x00000142fab13000 nmethod 6023 0x00000142e4aa0c10 code [0x00000142e4aa0de0, 0x00000142e4aa1078]
Event: 11.585 Thread 0x00000142807b9800 nmethod 6017 0x00000142eb713610 code [0x00000142eb7137a0, 0x00000142eb713878]
Event: 11.585 Thread 0x00000142807b9800 6025 %     4       java.lang.Class::copyMethods @ 12 (36 bytes)
Event: 11.587 Thread 0x00000142fab13000 6026       3       java.lang.reflect.ProxyGenerator$ProxyMethod::<init> (71 bytes)
Event: 11.588 Thread 0x00000142fab13000 nmethod 6026 0x00000142e4aa1210 code [0x00000142e4aa1480, 0x00000142e4aa1ee8]
Event: 11.589 Thread 0x00000142fab13000 6027       3       org.objectweb.asm.ClassWriter::toByteArray (1535 bytes)
Event: 11.602 Thread 0x00000142fab13000 nmethod 6027 0x00000142e4aa2210 code [0x00000142e4aa2b60, 0x00000142e4aa6c58]
Event: 11.606 Thread 0x00000142807b9800 nmethod 6025% 0x00000142eb713990 code [0x00000142eb713b60, 0x00000142eb714178]
Event: 11.606 Thread 0x00000142807b9800 6021       4       org.gradle.internal.instantiation.generator.AbstractClassGenerator$InjectionAnnotationValidator::validateMethod (502 bytes)
Event: 11.607 Thread 0x00000142fab13000 6028       3       org.gradle.internal.instantiation.generator.Jsr330ConstructorSelector::forType (32 bytes)
Event: 11.608 Thread 0x00000142fab13000 nmethod 6028 0x00000142e4aa8d10 code [0x00000142e4aa8f40, 0x00000142e4aa98a8]
Event: 11.608 Thread 0x00000142fab13000 6029       3       org.gradle.internal.instantiation.generator.Jsr330ConstructorSelector$$Lambda$216/0x00000001003b7c40::get$Lambda (10 bytes)
Event: 11.608 Thread 0x00000142fab13000 nmethod 6029 0x00000142e4aa9b90 code [0x00000142e4aa9d60, 0x00000142e4aaa018]

GC Heap History (14 events):
Event: 1.045 GC heap before
{Heap before GC invocations=0 (full 0):
 garbage-first heap   total 262144K, used 29696K [0x0000000080000000, 0x0000000100000000)
  region size 1024K, 24 young (24576K), 0 survivors (0K)
 Metaspace       used 9807K, capacity 9988K, committed 10112K, reserved 1058816K
  class space    used 1007K, capacity 1101K, committed 1152K, reserved 1048576K
}
Event: 1.049 GC heap after
{Heap after GC invocations=1 (full 0):
 garbage-first heap   total 262144K, used 9265K [0x0000000080000000, 0x0000000100000000)
  region size 1024K, 3 young (3072K), 3 survivors (3072K)
 Metaspace       used 9807K, capacity 9988K, committed 10112K, reserved 1058816K
  class space    used 1007K, capacity 1101K, committed 1152K, reserved 1048576K
}
Event: 3.507 GC heap before
{Heap before GC invocations=1 (full 0):
 garbage-first heap   total 262144K, used 112689K [0x0000000080000000, 0x0000000100000000)
  region size 1024K, 105 young (107520K), 3 survivors (3072K)
 Metaspace       used 20726K, capacity 21185K, committed 21296K, reserved 1069056K
  class space    used 2525K, capacity 2684K, committed 2688K, reserved 1048576K
}
Event: 3.517 GC heap after
{Heap after GC invocations=2 (full 0):
 garbage-first heap   total 262144K, used 16869K [0x0000000080000000, 0x0000000100000000)
  region size 1024K, 11 young (11264K), 11 survivors (11264K)
 Metaspace       used 20726K, capacity 21185K, committed 21296K, reserved 1069056K
  class space    used 2525K, capacity 2684K, committed 2688K, reserved 1048576K
}
Event: 3.895 GC heap before
{Heap before GC invocations=3 (full 0):
 garbage-first heap   total 262144K, used 42469K [0x0000000080000000, 0x0000000100000000)
  region size 1024K, 36 young (36864K), 11 survivors (11264K)
 Metaspace       used 23124K, capacity 23603K, committed 23804K, reserved 1071104K
  class space    used 2932K, capacity 3134K, committed 3148K, reserved 1048576K
}
Event: 3.903 GC heap after
{Heap after GC invocations=4 (full 0):
 garbage-first heap   total 262144K, used 17960K [0x0000000080000000, 0x0000000100000000)
  region size 1024K, 2 young (2048K), 2 survivors (2048K)
 Metaspace       used 23124K, capacity 23603K, committed 23804K, reserved 1071104K
  class space    used 2932K, capacity 3134K, committed 3148K, reserved 1048576K
}
Event: 5.758 GC heap before
{Heap before GC invocations=4 (full 0):
 garbage-first heap   total 262144K, used 109096K [0x0000000080000000, 0x0000000100000000)
  region size 1024K, 92 young (94208K), 2 survivors (2048K)
 Metaspace       used 35193K, capacity 35978K, committed 36048K, reserved 1081344K
  class space    used 4527K, capacity 4840K, committed 4896K, reserved 1048576K
}
Event: 5.771 GC heap after
{Heap after GC invocations=5 (full 0):
 garbage-first heap   total 262144K, used 22304K [0x0000000080000000, 0x0000000100000000)
  region size 1024K, 6 young (6144K), 6 survivors (6144K)
 Metaspace       used 35193K, capacity 35978K, committed 36048K, reserved 1081344K
  class space    used 4527K, capacity 4840K, committed 4896K, reserved 1048576K
}
Event: 7.699 GC heap before
{Heap before GC invocations=6 (full 0):
 garbage-first heap   total 262144K, used 147232K [0x0000000080000000, 0x0000000100000000)
  region size 1024K, 124 young (126976K), 6 survivors (6144K)
 Metaspace       used 45301K, capacity 46389K, committed 46544K, reserved 1089536K
  class space    used 5749K, capacity 6141K, committed 6176K, reserved 1048576K
}
Event: 7.711 GC heap after
{Heap after GC invocations=7 (full 0):
 garbage-first heap   total 262144K, used 29349K [0x0000000080000000, 0x0000000100000000)
  region size 1024K, 13 young (13312K), 13 survivors (13312K)
 Metaspace       used 45301K, capacity 46389K, committed 46544K, reserved 1089536K
  class space    used 5749K, capacity 6141K, committed 6176K, reserved 1048576K
}
Event: 10.203 GC heap before
{Heap before GC invocations=7 (full 0):
 garbage-first heap   total 262144K, used 168613K [0x0000000080000000, 0x0000000100000000)
  region size 1024K, 145 young (148480K), 13 survivors (13312K)
 Metaspace       used 56147K, capacity 57567K, committed 57808K, reserved 1099776K
  class space    used 7055K, capacity 7618K, committed 7712K, reserved 1048576K
}
Event: 10.222 GC heap after
{Heap after GC invocations=8 (full 0):
 garbage-first heap   total 262144K, used 43397K [0x0000000080000000, 0x0000000100000000)
  region size 1024K, 17 young (17408K), 17 survivors (17408K)
 Metaspace       used 56147K, capacity 57567K, committed 57808K, reserved 1099776K
  class space    used 7055K, capacity 7618K, committed 7712K, reserved 1048576K
}
Event: 10.775 GC heap before
{Heap before GC invocations=8 (full 0):
 garbage-first heap   total 262144K, used 63877K [0x0000000080000000, 0x0000000100000000)
  region size 1024K, 38 young (38912K), 17 survivors (17408K)
 Metaspace       used 59060K, capacity 60404K, committed 60508K, reserved 1101824K
  class space    used 7401K, capacity 7919K, committed 7968K, reserved 1048576K
}
Event: 10.798 GC heap after
{Heap after GC invocations=9 (full 0):
 garbage-first heap   total 262144K, used 44966K [0x0000000080000000, 0x0000000100000000)
  region size 1024K, 12 young (12288K), 12 survivors (12288K)
 Metaspace       used 59060K, capacity 60404K, committed 60508K, reserved 1101824K
  class space    used 7401K, capacity 7919K, committed 7968K, reserved 1048576K
}

Deoptimization events (20 events):
Event: 11.341 Thread 0x00000142fc25c800 DEOPT PACKING pc=0x00000142e4a43fb4 sp=0x000000055ebf2cc0
Event: 11.341 Thread 0x00000142fc25c800 DEOPT UNPACKING pc=0x00000142e38fa95e sp=0x000000055ebf2180 mode 0
Event: 11.342 Thread 0x00000142fc25c800 DEOPT PACKING pc=0x00000142e4a43722 sp=0x000000055ebf2c70
Event: 11.342 Thread 0x00000142fc25c800 DEOPT UNPACKING pc=0x00000142e38fa95e sp=0x000000055ebf20e8 mode 0
Event: 11.343 Thread 0x00000142fc25c800 DEOPT PACKING pc=0x00000142e4a43fb4 sp=0x000000055ebf2cc0
Event: 11.343 Thread 0x00000142fc25c800 DEOPT UNPACKING pc=0x00000142e38fa95e sp=0x000000055ebf2180 mode 0
Event: 11.343 Thread 0x00000142fc25c800 DEOPT PACKING pc=0x00000142e4a43722 sp=0x000000055ebf2c70
Event: 11.343 Thread 0x00000142fc25c800 DEOPT UNPACKING pc=0x00000142e38fa95e sp=0x000000055ebf20e8 mode 0
Event: 11.345 Thread 0x00000142fc25c800 DEOPT PACKING pc=0x00000142e4a43fb4 sp=0x000000055ebf2cc0
Event: 11.345 Thread 0x00000142fc25c800 DEOPT UNPACKING pc=0x00000142e38fa95e sp=0x000000055ebf2180 mode 0
Event: 11.345 Thread 0x00000142fc25c800 DEOPT PACKING pc=0x00000142e4a43722 sp=0x000000055ebf2c70
Event: 11.345 Thread 0x00000142fc25c800 DEOPT UNPACKING pc=0x00000142e38fa95e sp=0x000000055ebf20e8 mode 0
Event: 11.346 Thread 0x00000142fc25c800 DEOPT PACKING pc=0x00000142e4a43fb4 sp=0x000000055ebf2cc0
Event: 11.346 Thread 0x00000142fc25c800 DEOPT UNPACKING pc=0x00000142e38fa95e sp=0x000000055ebf2180 mode 0
Event: 11.346 Thread 0x00000142fc25c800 DEOPT PACKING pc=0x00000142e4a43722 sp=0x000000055ebf2c70
Event: 11.346 Thread 0x00000142fc25c800 DEOPT UNPACKING pc=0x00000142e38fa95e sp=0x000000055ebf20e8 mode 0
Event: 11.513 Thread 0x00000142fc25c800 Uncommon trap: trap_request=0xffffff4d fr.pc=0x00000142eb60af54 relative=0x0000000000002e94
Event: 11.513 Thread 0x00000142fc25c800 Uncommon trap: reason=unstable_if action=reinterpret pc=0x00000142eb60af54 method=java.util.regex.Pattern.has(I)Z @ 6 c2
Event: 11.513 Thread 0x00000142fc25c800 DEOPT PACKING pc=0x00000142eb60af54 sp=0x000000055ebf64c0
Event: 11.513 Thread 0x00000142fc25c800 DEOPT UNPACKING pc=0x00000142e38fa1af sp=0x000000055ebf6440 mode 2

Classes redefined (0 events):
No events

Internal exceptions (20 events):
Event: 8.981 Thread 0x00000142fc25c800 Exception <a 'java/security/PrivilegedActionException'{0x000000008b7859e0}> (0x000000008b7859e0) thrown at [./src/hotspot/share/prims/jvm.cpp, line 1306]
Event: 8.982 Thread 0x00000142fc25c800 Exception <a 'java/security/PrivilegedActionException'{0x000000008b786ca0}> (0x000000008b786ca0) thrown at [./src/hotspot/share/prims/jvm.cpp, line 1306]
Event: 8.982 Thread 0x00000142fc25c800 Exception <a 'java/security/PrivilegedActionException'{0x000000008b7898f0}> (0x000000008b7898f0) thrown at [./src/hotspot/share/prims/jvm.cpp, line 1306]
Event: 8.982 Thread 0x00000142fc25c800 Exception <a 'java/security/PrivilegedActionException'{0x000000008b78abb0}> (0x000000008b78abb0) thrown at [./src/hotspot/share/prims/jvm.cpp, line 1306]
Event: 8.982 Thread 0x00000142fc25c800 Exception <a 'java/security/PrivilegedActionException'{0x000000008b78d860}> (0x000000008b78d860) thrown at [./src/hotspot/share/prims/jvm.cpp, line 1306]
Event: 8.982 Thread 0x00000142fc25c800 Exception <a 'java/security/PrivilegedActionException'{0x000000008b78eb20}> (0x000000008b78eb20) thrown at [./src/hotspot/share/prims/jvm.cpp, line 1306]
Event: 9.109 Thread 0x00000142fc25c800 Exception <a 'java/lang/ClassNotFoundException'{0x000000008afde8a0}: org/gradle/api/internal/plugins/DefaultObjectConfigurationActionBeanInfo> (0x000000008afde8a0) thrown at [./src/hotspot/share/classfile/systemDictionary.cpp, line 231]
Event: 9.111 Thread 0x00000142fc25c800 Exception <a 'java/lang/ClassNotFoundException'{0x000000008ae14428}: org/gradle/api/internal/plugins/DefaultObjectConfigurationActionCustomizer> (0x000000008ae14428) thrown at [./src/hotspot/share/classfile/systemDictionary.cpp, line 231]
Event: 9.345 Thread 0x00000142fc25c800 Exception <a 'java/lang/NoSuchMethodError'{0x000000008a4db0a8}: 'java.lang.Object java.lang.invoke.DirectMethodHandle$Holder.invokeStatic(java.lang.Object, java.lang.Object, java.lang.Object, java.lang.Object, int)'> (0x000000008a4db0a8) thrown at [./src/hotspot/share/interpreter/linkResolver.cpp, line 773]
Event: 9.346 Thread 0x00000142fc25c800 Exception <a 'java/lang/NoSuchMethodError'{0x000000008a4dfaa0}: 'java.lang.Object java.lang.invoke.DirectMethodHandle$Holder.invokeSpecial(java.lang.Object, java.lang.Object, java.lang.Object, java.lang.Object, java.lang.Object, int)'> (0x000000008a4dfaa0) thrown at [./src/hotspot/share/interpreter/linkResolver.cpp, line 773]
Event: 9.346 Thread 0x00000142fc25c800 Exception <a 'java/lang/NoSuchMethodError'{0x000000008a4e40e0}: 'java.lang.Object java.lang.invoke.Invokers$Holder.linkToTargetMethod(java.lang.Object, java.lang.Object, java.lang.Object, int, java.lang.Object)'> (0x000000008a4e40e0) thrown at [./src/hotspot/share/interpreter/linkResolver.cpp, line 773]
Event: 9.674 Thread 0x00000142fc25c800 Exception <a 'java/lang/NoSuchMethodError'{0x0000000089474fe0}: 'java.lang.Object java.lang.invoke.DirectMethodHandle$Holder.invokeSpecial(java.lang.Object, java.lang.Object, int, int, java.lang.Object, java.lang.Object, java.lang.Object)'> (0x0000000089474fe0) thrown at [./src/hotspot/share/interpreter/linkResolver.cpp, line 773]
Event: 9.675 Thread 0x00000142fc25c800 Exception <a 'java/lang/NoSuchMethodError'{0x0000000089479560}: 'java.lang.Object java.lang.invoke.DelegatingMethodHandle$Holder.reinvoke_L(java.lang.Object, int, int, java.lang.Object, java.lang.Object, java.lang.Object)'> (0x0000000089479560) thrown at [./src/hotspot/share/interpreter/linkResolver.cpp, line 773]
Event: 9.955 Thread 0x00000142fc25c800 Exception <a 'java/lang/NoSuchMethodError'{0x00000000888fc840}: 'int java.lang.invoke.DirectMethodHandle$Holder.invokeInterface(java.lang.Object, java.lang.Object, java.lang.Object, java.lang.Object)'> (0x00000000888fc840) thrown at [./src/hotspot/share/interpreter/linkResolver.cpp, line 773]
Event: 10.769 Thread 0x00000142fc25c800 Exception <a 'java/lang/IncompatibleClassChangeError'{0x000000008eb7d340}: Found class java.lang.Object, but interface was expected> (0x000000008eb7d340) thrown at [./src/hotspot/share/interpreter/linkResolver.cpp, line 839]
Event: 10.884 Thread 0x00000142fc25c800 Implicit null exception at 0x00000142eb690254 to 0x00000142eb690438
Event: 10.884 Thread 0x00000142fc25c800 Implicit null exception at 0x00000142eb689a5d to 0x00000142eb689c40
Event: 11.017 Thread 0x00000142fc25c800 Implicit null exception at 0x00000142eb5a5c8b to 0x00000142eb5a5d64
Event: 11.084 Thread 0x00000142fc25c800 Implicit null exception at 0x00000142eb5164ac to 0x00000142eb51665a
Event: 11.403 Thread 0x00000142fc25c800 Exception <a 'sun/nio/fs/WindowsException'{0x000000008d4ce7d0}> (0x000000008d4ce7d0) thrown at [./src/hotspot/share/prims/jni.cpp, line 616]

Events (20 events):
Event: 11.602 loading class com/google/common/base/CaseFormat$5
Event: 11.602 loading class com/google/common/base/CaseFormat$5 done
Event: 11.602 loading class com/google/common/base/CaseFormat$StringConverter
Event: 11.602 loading class com/google/common/base/CaseFormat$StringConverter done
Event: 11.604 loading class com/google/common/base/Enums
Event: 11.604 loading class com/google/common/base/Enums done
Event: 11.606 loading class com/google/common/base/Enums$StringConverter
Event: 11.606 loading class com/google/common/base/Enums$StringConverter done
Event: 11.608 loading class com/android/build/gradle/internal/dsl/ExternalNativeCmakeOptions
Event: 11.608 loading class com/android/build/gradle/internal/dsl/ExternalNativeCmakeOptions done
Event: 11.609 loading class com/android/build/gradle/internal/dsl/CoreExternalNativeCmakeOptions
Event: 11.609 loading class com/android/build/gradle/internal/dsl/CoreExternalNativeCmakeOptions done
Event: 11.609 loading class com/android/build/api/dsl/ExternalNativeCmakeOptions
Event: 11.609 loading class com/android/build/api/dsl/ExternalNativeCmakeOptions done
Event: 11.611 loading class com/android/build/api/dsl/ExternalNativeNdkBuildOptions
Event: 11.611 loading class com/android/build/api/dsl/ExternalNativeNdkBuildOptions done
Event: 11.612 loading class com/android/build/gradle/internal/dsl/ExternalNativeNdkBuildOptions
Event: 11.612 loading class com/android/build/gradle/internal/dsl/ExternalNativeNdkBuildOptions done
Event: 11.612 loading class com/android/build/gradle/internal/dsl/CoreExternalNativeNdkBuildOptions
Event: 11.612 loading class com/android/build/gradle/internal/dsl/CoreExternalNativeNdkBuildOptions done


Dynamic libraries:
0x00007ff78e470000 - 0x00007ff78e47a000 	C:\Program Files\Android\Android Studio\jre\bin\java.exe
0x00007ff894d10000 - 0x00007ff894f08000 	C:\WINDOWS\SYSTEM32\ntdll.dll
0x00007ff893410000 - 0x00007ff8934cd000 	C:\WINDOWS\System32\KERNEL32.DLL
0x00007ff892aa0000 - 0x00007ff892d6e000 	C:\WINDOWS\System32\KERNELBASE.dll
0x00007ff892830000 - 0x00007ff892930000 	C:\WINDOWS\System32\ucrtbase.dll
0x00007ff88c2f0000 - 0x00007ff88c309000 	C:\Program Files\Android\Android Studio\jre\bin\jli.dll
0x00007ff894a00000 - 0x00007ff894ba0000 	C:\WINDOWS\System32\USER32.dll
0x00007ff892590000 - 0x00007ff8925b2000 	C:\WINDOWS\System32\win32u.dll
0x00007ff894440000 - 0x00007ff89446a000 	C:\WINDOWS\System32\GDI32.dll
0x00007ff892690000 - 0x00007ff89279b000 	C:\WINDOWS\System32\gdi32full.dll
0x00007ff8925f0000 - 0x00007ff89268d000 	C:\WINDOWS\System32\msvcp_win.dll
0x00007ff88c280000 - 0x00007ff88c297000 	C:\Program Files\Android\Android Studio\jre\bin\VCRUNTIME140.dll
0x00007ff8853d0000 - 0x00007ff88566a000 	C:\WINDOWS\WinSxS\amd64_microsoft.windows.common-controls_6595b64144ccf1df_6.0.19041.1110_none_60b5254171f9507e\COMCTL32.dll
0x00007ff892e60000 - 0x00007ff892efe000 	C:\WINDOWS\System32\msvcrt.dll
0x00007ff893040000 - 0x00007ff893070000 	C:\WINDOWS\System32\IMM32.DLL
0x00007ff88c1e0000 - 0x00007ff88c27d000 	C:\Program Files\Android\Android Studio\jre\bin\msvcp140.dll
0x00007ff836f60000 - 0x00007ff837a62000 	C:\Program Files\Android\Android Studio\jre\bin\server\jvm.dll
0x00007ff893df0000 - 0x00007ff893e9e000 	C:\WINDOWS\System32\ADVAPI32.dll
0x00007ff893310000 - 0x00007ff8933ac000 	C:\WINDOWS\System32\sechost.dll
0x00007ff893ea0000 - 0x00007ff893fc5000 	C:\WINDOWS\System32\RPCRT4.dll
0x00007ff893220000 - 0x00007ff893228000 	C:\WINDOWS\System32\PSAPI.DLL
0x00007ff87e880000 - 0x00007ff87e889000 	C:\WINDOWS\SYSTEM32\WSOCK32.dll
0x00007ff893630000 - 0x00007ff89369b000 	C:\WINDOWS\System32\WS2_32.dll
0x00007ff886990000 - 0x00007ff8869b7000 	C:\WINDOWS\SYSTEM32\WINMM.dll
0x00007ff889400000 - 0x00007ff88940a000 	C:\WINDOWS\SYSTEM32\VERSION.dll
0x00007ff890cf0000 - 0x00007ff890d02000 	C:\WINDOWS\SYSTEM32\kernel.appcore.dll
0x00007ff88d990000 - 0x00007ff88d9a1000 	C:\Program Files\Android\Android Studio\jre\bin\verify.dll
0x00007ff890300000 - 0x00007ff8904e4000 	C:\WINDOWS\SYSTEM32\DBGHELP.DLL
0x00007ff87e290000 - 0x00007ff87e2bc000 	C:\WINDOWS\SYSTEM32\dbgcore.DLL
0x00007ff8927a0000 - 0x00007ff892822000 	C:\WINDOWS\System32\bcryptPrimitives.dll
0x00007ff86baa0000 - 0x00007ff86bac9000 	C:\Program Files\Android\Android Studio\jre\bin\java.dll
0x00007ff87cae0000 - 0x00007ff87caeb000 	C:\Program Files\Android\Android Studio\jre\bin\jimage.dll
0x00007ff8708c0000 - 0x00007ff8708d8000 	C:\Program Files\Android\Android Studio\jre\bin\zip.dll
0x00007ff8936a0000 - 0x00007ff893de4000 	C:\WINDOWS\System32\SHELL32.dll
0x00007ff890510000 - 0x00007ff890ca4000 	C:\WINDOWS\SYSTEM32\windows.storage.dll
0x00007ff8946a0000 - 0x00007ff8949f4000 	C:\WINDOWS\System32\combase.dll
0x00007ff891e90000 - 0x00007ff891ec0000 	C:\WINDOWS\SYSTEM32\Wldp.dll
0x00007ff8934d0000 - 0x00007ff89357d000 	C:\WINDOWS\System32\SHCORE.dll
0x00007ff892e00000 - 0x00007ff892e55000 	C:\WINDOWS\System32\shlwapi.dll
0x00007ff892370000 - 0x00007ff89238f000 	C:\WINDOWS\SYSTEM32\profapi.dll
0x00007ff86f690000 - 0x00007ff86f6aa000 	C:\Program Files\Android\Android Studio\jre\bin\net.dll
0x00007ff885ff0000 - 0x00007ff8860fa000 	C:\WINDOWS\SYSTEM32\WINHTTP.dll
0x00007ff891bf0000 - 0x00007ff891c5a000 	C:\WINDOWS\system32\mswsock.dll
0x00007ff86f300000 - 0x00007ff86f314000 	C:\Program Files\Android\Android Studio\jre\bin\nio.dll
0x00007ff88bf00000 - 0x00007ff88bf27000 	C:\Users\Kareem\.gradle\native\e1d6ef7f7dcc3fd88c89a11ec53ec762bb8ba0a96d01ffa2cd45eb1d1d8dd5c5\windows-amd64\native-platform.dll
0x00007ff865080000 - 0x00007ff8651c4000 	C:\Users\Kareem\.gradle\native\0d407fdbe67a94daf76414ababcb853783967236a71b16ec16e742cd7a986fd3\windows-amd64\native-platform-file-events.dll
0x00007ff87c360000 - 0x00007ff87c36a000 	C:\Program Files\Android\Android Studio\jre\bin\management.dll
0x00007ff8767b0000 - 0x00007ff8767bd000 	C:\Program Files\Android\Android Studio\jre\bin\management_ext.dll
0x00007ff891de0000 - 0x00007ff891df8000 	C:\WINDOWS\SYSTEM32\CRYPTSP.dll
0x00007ff891500000 - 0x00007ff891534000 	C:\WINDOWS\system32\rsaenh.dll
0x00007ff8925c0000 - 0x00007ff8925e7000 	C:\WINDOWS\System32\bcrypt.dll
0x00007ff8922f0000 - 0x00007ff89231e000 	C:\WINDOWS\SYSTEM32\USERENV.dll
0x00007ff891e00000 - 0x00007ff891e0c000 	C:\WINDOWS\SYSTEM32\CRYPTBASE.dll
0x00007ff891890000 - 0x00007ff8918cb000 	C:\WINDOWS\SYSTEM32\IPHLPAPI.DLL
0x00007ff892d70000 - 0x00007ff892d78000 	C:\WINDOWS\System32\NSI.dll
0x00007ff889410000 - 0x00007ff889427000 	C:\WINDOWS\SYSTEM32\dhcpcsvc6.DLL
0x00007ff88a130000 - 0x00007ff88a14d000 	C:\WINDOWS\SYSTEM32\dhcpcsvc.DLL
0x00007ff8918e0000 - 0x00007ff8919aa000 	C:\WINDOWS\SYSTEM32\DNSAPI.dll

dbghelp: loaded successfully - version: 4.0.5 - missing functions: none
symbol engine: initialized successfully - sym options: 0x614 - pdb path: .;C:\Program Files\Android\Android Studio\jre\bin;C:\WINDOWS\SYSTEM32;C:\WINDOWS\WinSxS\amd64_microsoft.windows.common-controls_6595b64144ccf1df_6.0.19041.1110_none_60b5254171f9507e;C:\Program Files\Android\Android Studio\jre\bin\server;C:\Users\Kareem\.gradle\native\e1d6ef7f7dcc3fd88c89a11ec53ec762bb8ba0a96d01ffa2cd45eb1d1d8dd5c5\windows-amd64;C:\Users\Kareem\.gradle\native\0d407fdbe67a94daf76414ababcb853783967236a71b16ec16e742cd7a986fd3\windows-amd64

VM Arguments:
jvm_args: --add-opens=java.base/java.util=ALL-UNNAMED --add-opens=java.base/java.lang=ALL-UNNAMED --add-opens=java.base/java.lang.invoke=ALL-UNNAMED --add-opens=java.base/java.util=ALL-UNNAMED --add-opens=java.prefs/java.util.prefs=ALL-UNNAMED --add-opens=java.prefs/java.util.prefs=ALL-UNNAMED --add-opens=java.base/java.nio.charset=ALL-UNNAMED --add-opens=java.base/java.net=ALL-UNNAMED --add-opens=java.base/java.util.concurrent.atomic=ALL-UNNAMED -Xmx2048m -Dfile.encoding=UTF-8 -Duser.country=US -Duser.language=en -Duser.variant 
java_command: org.gradle.launcher.daemon.bootstrap.GradleDaemon 7.4
java_class_path (initial): C:\Users\Kareem\.gradle\wrapper\dists\gradle-7.4-bin\c0gwcg53nkjbqw7r0h0umtfvt\gradle-7.4\lib\gradle-launcher-7.4.jar
Launcher Type: SUN_STANDARD

[Global flags]
     intx CICompilerCount                          = 4                                         {product} {ergonomic}
     uint ConcGCThreads                            = 2                                         {product} {ergonomic}
     uint G1ConcRefinementThreads                  = 8                                         {product} {ergonomic}
   size_t G1HeapRegionSize                         = 1048576                                   {product} {ergonomic}
    uintx GCDrainStackTargetSize                   = 64                                        {product} {ergonomic}
   size_t InitialHeapSize                          = 268435456                                 {product} {ergonomic}
   size_t MarkStackSize                            = 4194304                                   {product} {ergonomic}
   size_t MaxHeapSize                              = 2147483648                                {product} {command line}
   size_t MaxNewSize                               = 1287651328                                {product} {ergonomic}
   size_t MinHeapDeltaBytes                        = 1048576                                   {product} {ergonomic}
    uintx NonNMethodCodeHeapSize                   = 5836300                                {pd product} {ergonomic}
    uintx NonProfiledCodeHeapSize                  = 122910970                              {pd product} {ergonomic}
    uintx ProfiledCodeHeapSize                     = 122910970                              {pd product} {ergonomic}
    uintx ReservedCodeCacheSize                    = 251658240                              {pd product} {ergonomic}
     bool SegmentedCodeCache                       = true                                      {product} {ergonomic}
     bool UseCompressedClassPointers               = true                                 {lp64_product} {ergonomic}
     bool UseCompressedOops                        = true                                 {lp64_product} {ergonomic}
     bool UseG1GC                                  = true                                      {product} {ergonomic}
     bool UseLargePagesIndividualAllocation        = false                                  {pd product} {ergonomic}

Logging:
Log output configuration:
 #0: stdout all=warning uptime,level,tags
 #1: stderr all=off uptime,level,tags

Environment Variables:
CLASSPATH=.;C:\Program Files (x86)\Java\jre1.8.0_281\lib\ext\QTJava.zip
PATH=C:\Program Files\Common Files\Oracle\Java\javapath;C:\Program Files (x86)\Common Files\Oracle\Java\javapath;C:\Program Files (x86)\Intel\iCLS Client\;C:\Program Files\Intel\iCLS Client\;C:\Windows\system32;C:\Windows;C:\Windows\System32\Wbem;C:\Windows\System32\WindowsPowerShell\v1.0\;C:\Windows\System32\OpenSSH\;C:\Program Files (x86)\NVIDIA Corporation\PhysX\Common;C:\Program Files (x86)\Intel\Intel(R) Management Engine Components\DAL;C:\Program Files\Intel\Intel(R) Management Engine Components\DAL;C:\Program Files (x86)\Intel\Intel(R) Management Engine Components\IPT;C:\Program Files\Intel\Intel(R) Management Engine Components\IPT;C:\Program Files\Intel\WiFi\bin\;C:\Program Files\Common Files\Intel\WirelessCommon\;C:\Program Files (x86)\Common Files\Acronis\VirtualFile\;C:\Program Files (x86)\Common Files\Acronis\VirtualFile64\;C:\Program Files (x86)\Common Files\Acronis\FileProtector\;C:\Program Files (x86)\Common Files\Acronis\FileProtector64\;C:\Program Files (x86)\Common Files\Acronis\SnapAPI\;C:\Program Files\PuTTY\;C:\Program Files\Common Files\Autod;C:\Program Files\NVIDIA Corporation\NVIDIA NvDLISR;C:\WINDOWS\system32;C:\WINDOWS;C:\WINDOWS\System32\Wbem;C:\WINDOWS\System32\WindowsPowerShell\v1.0\;C:\WINDOWS\System32\OpenSSH\;C:\Program Files (x86)\CodeBlocks\MinGW\bin;C:\Program Files (x86)\CodeBlocks\MinGW;C:\Program Files\Microchip\xc8\v2.31\bin;C:\Program Files (x86)\QuickTime\QTSystem\;C:\Users\Kareem\AppData\Local\Microsoft\WindowsApps;C:\Program Files\Intel\WiFi\bin\;C:\Program Files\Common Files\Intel\WirelessCommon\;C:\Users\Kareem\AppData\Local\GitHubDesktop\bin;C:\Program Files\gs\gs9.55.0\bin;C:\Program Files\gs\gs9.55.0\lib;
USERNAME=Kareem
OS=Windows_NT
PROCESSOR_IDENTIFIER=Intel64 Family 6 Model 158 Stepping 9, GenuineIntel



---------------  S Y S T E M  ---------------

OS: Windows 10 , 64 bit Build 19041 (10.0.19041.1889)
OS uptime: 0 days 8:01 hours

CPU:total 8 (initial active 8) (4 cores per cpu, 2 threads per core) family 6 model 158 stepping 9 microcode 0xb4, cmov, cx8, fxsr, mmx, sse, sse2, sse3, ssse3, sse4.1, sse4.2, popcnt, avx, avx2, aes, clmul, erms, 3dnowpref, lzcnt, ht, tsc, tscinvbit, bmi1, bmi2, adx, fma

Memory: 4k page, system-wide physical 16336M (1618M free)
TotalPageFile size 16336M (AvailPageFile size 0M)
current process WorkingSet (physical memory assigned to process): 410M, peak: 410M
current process commit charge ("private bytes"): 507M, peak: 508M

vm_info: OpenJDK 64-Bit Server VM (11.0.13+0-b1751.21-8125866) for windows-amd64 JRE (11.0.13+0-b1751.21-8125866), built on Feb  2 2022 03:00:22 by "builder" with MS VC++ 14.0 (VS2015)

END.
